<?xml version="1.0" encoding="utf-8" standalone="no"?>
<test-results xmlns:xsi="http://www.w3.org/2001/XMLSchema-instance" xsi:noNamespaceSchemaLocation="nunit_schema_2.5.xsd" name="Pester" total="17" errors="0" failures="9" not-run="0" inconclusive="0" ignored="0" skipped="0" invalid="0" date="2025-07-25" time="17:25:27">
  <environment user-domain="SOUTHPACIFIC" nunit-version="2.5.8.0" platform="Microsoft Windows 11 Enterprise|C:\Windows|\Device\Harddisk0\Partition3" os-version="10.0.26100" user="dascottr" clr-version="9.0.6" machine-name="DASCOTTRSL7" cwd="D:\source\GitHub\PlagueHO\genai-database-explorer" />
  <culture-info current-culture="en-NZ" current-uiculture="en-US" />
  <test-suite type="TestFixture" name="Pester" executed="True" result="Failure" success="False" time="66.4433" asserts="0" description="Pester">
    <results>
      <test-suite type="TestFixture" name="D:\source\GitHub\PlagueHO\genai-database-explorer\src\Tests\Integration\Console.Integration.Tests.ps1" executed="True" result="Failure" success="False" time="66.4433" asserts="0" description="D:\source\GitHub\PlagueHO\genai-database-explorer\src\Tests\Integration\Console.Integration.Tests.ps1">
        <results>
          <test-suite type="TestFixture" name="GenAI Database Explorer Console Application" executed="True" result="Failure" success="False" time="66.3564" asserts="0" description="GenAI Database Explorer Console Application">
            <results>
              <test-suite type="TestFixture" name="GenAI Database Explorer Console Application.Project Management Commands" executed="True" result="Success" success="True" time="0.8007" asserts="0" description="GenAI Database Explorer Console Application.Project Management Commands">
                <results>
                  <test-suite type="TestFixture" name="GenAI Database Explorer Console Application.Project Management Commands.init-project command" executed="True" result="Success" success="True" time="0.7956" asserts="0" description="GenAI Database Explorer Console Application.Project Management Commands.init-project command">
                    <results>
                      <test-suite type="TestFixture" name="GenAI Database Explorer Console Application.Project Management Commands.init-project command.When initializing a new project and project path does not exist" executed="True" result="Success" success="True" time="0.301" asserts="0" description="GenAI Database Explorer Console Application.Project Management Commands.init-project command.When initializing a new project and project path does not exist">
                        <results>
                          <test-case description="Should create proper project structure and settings.json" name="GenAI Database Explorer Console Application.Project Management Commands.init-project command.When initializing a new project and project path does not exist.Should create proper project structure and settings.json" time="0.2658" asserts="0" success="True" result="Success" executed="True" />
                        </results>
                      </test-suite>
                      <test-suite type="TestFixture" name="GenAI Database Explorer Console Application.Project Management Commands.init-project command.When initializing a new project and project path already exists and is empty" executed="True" result="Success" success="True" time="0.5424" asserts="0" description="GenAI Database Explorer Console Application.Project Management Commands.init-project command.When initializing a new project and project path already exists and is empty">
                        <results>
                          <test-case description="Should handle existing directory gracefully" name="GenAI Database Explorer Console Application.Project Management Commands.init-project command.When initializing a new project and project path already exists and is empty.Should handle existing directory gracefully" time="0.2209" asserts="0" success="True" result="Success" executed="True" />
                        </results>
                      </test-suite>
                      <test-suite type="TestFixture" name="GenAI Database Explorer Console Application.Project Management Commands.init-project command.When initializing a new project and project path already exists but is not empty" executed="True" result="Success" success="True" time="0.7917" asserts="0" description="GenAI Database Explorer Console Application.Project Management Commands.init-project command.When initializing a new project and project path already exists but is not empty">
                        <results>
                          <test-case description="Should handle non-empty directory appropriately" name="GenAI Database Explorer Console Application.Project Management Commands.init-project command.When initializing a new project and project path already exists but is not empty.Should handle non-empty directory appropriately" time="0.2209" asserts="0" success="True" result="Success" executed="True" />
                        </results>
                      </test-suite>
                    </results>
                  </test-suite>
                </results>
              </test-suite>
              <test-suite type="TestFixture" name="GenAI Database Explorer Console Application.Database Schema Operations" executed="True" result="Failure" success="False" time="32.5359" asserts="0" description="GenAI Database Explorer Console Application.Database Schema Operations">
                <results>
                  <test-suite type="TestFixture" name="GenAI Database Explorer Console Application.Database Schema Operations.extract-model command" executed="True" result="Failure" success="False" time="30.9324" asserts="0" description="GenAI Database Explorer Console Application.Database Schema Operations.extract-model command">
                    <results>
                      <test-suite type="TestFixture" name="GenAI Database Explorer Console Application.Database Schema Operations.extract-model command.When extracting from valid database connection" executed="True" result="Failure" success="False" time="15.5066" asserts="0" description="GenAI Database Explorer Console Application.Database Schema Operations.extract-model command.When extracting from valid database connection">
                        <results>
                          <test-case description="Should create semanticmodel.json with database schema" name="GenAI Database Explorer Console Application.Database Schema Operations.extract-model command.When extracting from valid database connection.Should create semanticmodel.json with database schema" time="15.5021" asserts="0" success="False" result="Failure" executed="True">
                            <failure>
                              <message>[0] Expected path 'C:\Users\dascottr\AppData\Local\Temp\genaidb-integration-test-1991154632\projects\database-test\semanticmodel.json' to exist, because semanticmodel.json should be created, but it did not exist.
[1] Expected a value, because Model should contain database information, but got $null or empty.
[2] Expected regular expression 'AdventureWorksLT|Adventure' to match $null, because Should connect to AdventureWorksLT or similar sample database, but it did not match.</message>
                              <stack-trace>[0] at $expectedSemanticModelPath | Should -Exist -Because 'semanticmodel.json should be created', D:\source\GitHub\PlagueHO\genai-database-explorer\src\Tests\Integration\Console.Integration.Tests.ps1:240
at &lt;ScriptBlock&gt;, D:\source\GitHub\PlagueHO\genai-database-explorer\src\Tests\Integration\Console.Integration.Tests.ps1:240
[1] at $model.Database | Should -Not -BeNullOrEmpty -Because 'Model should contain database information', D:\source\GitHub\PlagueHO\genai-database-explorer\src\Tests\Integration\Console.Integration.Tests.ps1:247
at &lt;ScriptBlock&gt;, D:\source\GitHub\PlagueHO\genai-database-explorer\src\Tests\Integration\Console.Integration.Tests.ps1:247
[2] at $model.Database.Name | Should -Match 'AdventureWorksLT|Adventure' -Because 'Should connect to AdventureWorksLT or similar sample database', D:\source\GitHub\PlagueHO\genai-database-explorer\src\Tests\Integration\Console.Integration.Tests.ps1:248
at &lt;ScriptBlock&gt;, D:\source\GitHub\PlagueHO\genai-database-explorer\src\Tests\Integration\Console.Integration.Tests.ps1:248</stack-trace>
                            </failure>
                          </test-case>
                        </results>
                      </test-suite>
                      <test-suite type="TestFixture" name="GenAI Database Explorer Console Application.Database Schema Operations.extract-model command.When extracting with specific options" executed="True" result="Failure" success="False" time="30.9259" asserts="0" description="GenAI Database Explorer Console Application.Database Schema Operations.extract-model command.When extracting with specific options">
                        <results>
                          <test-case description="Should handle skipTables option correctly" name="GenAI Database Explorer Console Application.Database Schema Operations.extract-model command.When extracting with specific options.Should handle skipTables option correctly" time="15.4128" asserts="0" success="False" result="Failure" executed="True">
                            <failure>
                              <message>[0] Expected regular expression 'Exception.*at.*' to not match '17:25:59 fail: GenAIDBExplorer.Core.Data.DatabaseProviders.SqlConnectionProvider[0] Error connecting to database (SQL) Microsoft.Data.SqlClient.SqlException (0x80131904): A network-related or instance-specific error occurred while establishing a connection to SQL Server. The server was not found or was not accessible. Verify that the instance name is correct and that SQL Server is configured to allow remote connections. (provider: Named Pipes Provider, error: 40 - Could not open a connection to SQL Server)  ---&gt; System.ComponentModel.Win32Exception (2): The system cannot find the file specified.    at Microsoft.Data.SqlClient.SqlInternalConnection.OnError(SqlException exception, Boolean breakConnection, Action`1 wrapCloseInAction)    at Microsoft.Data.SqlClient.TdsParser.ThrowExceptionAndWarning(TdsParserStateObject stateObj, SqlCommand command, Boolean callerHasConnectionLock, Boolean asyncClose)    at Microsoft.Data.SqlClient.TdsParser.Connect(ServerInfo serverInfo, SqlInternalConnectionTds connHandler, TimeoutTimer timeout, SqlConnectionString connectionOptions, Boolean withFailover)    at Microsoft.Data.SqlClient.SqlInternalConnectionTds.AttemptOneLogin(ServerInfo serverInfo, String newPassword, SecureString newSecurePassword, TimeoutTimer timeout, Boolean withFailover)    at Microsoft.Data.SqlClient.SqlInternalConnectionTds.LoginNoFailover(ServerInfo serverInfo, String newPassword, SecureString newSecurePassword, Boolean redirectedUserInstance, SqlConnectionString connectionOptions, SqlCredential credential, TimeoutTimer timeout)    at Microsoft.Data.SqlClient.SqlInternalConnectionTds.OpenLoginEnlist(TimeoutTimer timeout, SqlConnectionString connectionOptions, SqlCredential credential, String newPassword, SecureString newSecurePassword, Boolean redirectedUserInstance)    at Microsoft.Data.SqlClient.SqlInternalConnectionTds..ctor(DbConnectionPoolIdentity identity, SqlConnectionString connectionOptions, SqlCredential credential, Object providerInfo, String newPassword, SecureString newSecurePassword, Boolean redirectedUserInstance, SqlConnectionString userConnectionOptions, SessionData reconnectSessionData, Boolean applyTransientFaultHandling, String accessToken, DbConnectionPool pool, Func`3 accessTokenCallback)    at Microsoft.Data.SqlClient.SqlConnectionFactory.CreateConnection(DbConnectionOptions options, DbConnectionPoolKey poolKey, Object poolGroupProviderInfo, DbConnectionPool pool, DbConnection owningConnection, DbConnectionOptions userOptions)    at Microsoft.Data.ProviderBase.DbConnectionFactory.CreatePooledConnection(DbConnectionPool pool, DbConnection owningObject, DbConnectionOptions options, DbConnectionPoolKey poolKey, DbConnectionOptions userOptions)    at Microsoft.Data.ProviderBase.DbConnectionPool.CreateObject(DbConnection owningObject, DbConnectionOptions userOptions, DbConnectionInternal oldConnection)    at Microsoft.Data.ProviderBase.DbConnectionPool.UserCreateRequest(DbConnection owningObject, DbConnectionOptions userOptions, DbConnectionInternal oldConnection)    at Microsoft.Data.ProviderBase.DbConnectionPool.TryGetConnection(DbConnection owningObject, UInt32 waitForMultipleObjectsTimeout, Boolean allowCreate, Boolean onlyOneCheckConnection, DbConnectionOptions userOptions, DbConnectionInternal&amp; connection)    at Microsoft.Data.ProviderBase.DbConnectionPool.WaitForPendingOpen() --- End of stack trace from previous location ---    at GenAIDBExplorer.Core.Data.DatabaseProviders.SqlConnectionProvider.ConnectAsync() in D:\source\GitHub\PlagueHO\genai-database-explorer\src\GenAIDBExplorer\GenAIDBExplorer.Core\Data\DatabaseProviders\SqlConnectionProvider.cs:line 49 ClientConnectionId:00000000-0000-0000-0000-000000000000 Error Number:2,State:0,Class:20', because Should not show stack traces for valid options, but it did match.
[1] Expected regular expression 'Exception.*at.*' to not match '17:25:59 fail: GenAIDBExplorer.Core.SemanticModelProviders.SchemaRepository[0] Error getting tables from database Microsoft.Data.SqlClient.SqlException (0x80131904): A network-related or instance-specific error occurred while establishing a connection to SQL Server. The server was not found or was not accessible. Verify that the instance name is correct and that SQL Server is configured to allow remote connections. (provider: Named Pipes Provider, error: 40 - Could not open a connection to SQL Server)  ---&gt; System.ComponentModel.Win32Exception (2): The system cannot find the file specified.    at Microsoft.Data.SqlClient.SqlInternalConnection.OnError(SqlException exception, Boolean breakConnection, Action`1 wrapCloseInAction)    at Microsoft.Data.SqlClient.TdsParser.ThrowExceptionAndWarning(TdsParserStateObject stateObj, SqlCommand command, Boolean callerHasConnectionLock, Boolean asyncClose)    at Microsoft.Data.SqlClient.TdsParser.Connect(ServerInfo serverInfo, SqlInternalConnectionTds connHandler, TimeoutTimer timeout, SqlConnectionString connectionOptions, Boolean withFailover)    at Microsoft.Data.SqlClient.SqlInternalConnectionTds.AttemptOneLogin(ServerInfo serverInfo, String newPassword, SecureString newSecurePassword, TimeoutTimer timeout, Boolean withFailover)    at Microsoft.Data.SqlClient.SqlInternalConnectionTds.LoginNoFailover(ServerInfo serverInfo, String newPassword, SecureString newSecurePassword, Boolean redirectedUserInstance, SqlConnectionString connectionOptions, SqlCredential credential, TimeoutTimer timeout)    at Microsoft.Data.SqlClient.SqlInternalConnectionTds.OpenLoginEnlist(TimeoutTimer timeout, SqlConnectionString connectionOptions, SqlCredential credential, String newPassword, SecureString newSecurePassword, Boolean redirectedUserInstance)    at Microsoft.Data.SqlClient.SqlInternalConnectionTds..ctor(DbConnectionPoolIdentity identity, SqlConnectionString connectionOptions, SqlCredential credential, Object providerInfo, String newPassword, SecureString newSecurePassword, Boolean redirectedUserInstance, SqlConnectionString userConnectionOptions, SessionData reconnectSessionData, Boolean applyTransientFaultHandling, String accessToken, DbConnectionPool pool, Func`3 accessTokenCallback)    at Microsoft.Data.SqlClient.SqlConnectionFactory.CreateConnection(DbConnectionOptions options, DbConnectionPoolKey poolKey, Object poolGroupProviderInfo, DbConnectionPool pool, DbConnection owningConnection, DbConnectionOptions userOptions)    at Microsoft.Data.ProviderBase.DbConnectionFactory.CreatePooledConnection(DbConnectionPool pool, DbConnection owningObject, DbConnectionOptions options, DbConnectionPoolKey poolKey, DbConnectionOptions userOptions)    at Microsoft.Data.ProviderBase.DbConnectionPool.CreateObject(DbConnection owningObject, DbConnectionOptions userOptions, DbConnectionInternal oldConnection)    at Microsoft.Data.ProviderBase.DbConnectionPool.UserCreateRequest(DbConnection owningObject, DbConnectionOptions userOptions, DbConnectionInternal oldConnection)    at Microsoft.Data.ProviderBase.DbConnectionPool.TryGetConnection(DbConnection owningObject, UInt32 waitForMultipleObjectsTimeout, Boolean allowCreate, Boolean onlyOneCheckConnection, DbConnectionOptions userOptions, DbConnectionInternal&amp; connection)    at Microsoft.Data.ProviderBase.DbConnectionPool.WaitForPendingOpen() --- End of stack trace from previous location ---    at GenAIDBExplorer.Core.Data.DatabaseProviders.SqlConnectionProvider.ConnectAsync() in D:\source\GitHub\PlagueHO\genai-database-explorer\src\GenAIDBExplorer\GenAIDBExplorer.Core\Data\DatabaseProviders\SqlConnectionProvider.cs:line 49    at GenAIDBExplorer.Core.Data.ConnectionManager.DatabaseConnectionManager.GetOpenConnectionAsync() in D:\source\GitHub\PlagueHO\genai-database-explorer\src\GenAIDBExplorer\GenAIDBExplorer.Core\Data\ConnectionManager\DatabaseConnectionManager.cs:line 42    at GenAIDBExplorer.Core.Data.DatabaseProviders.SqlQueryExecutor.ExecuteReaderAsync(String query, Dictionary`2 parameters) in D:\source\GitHub\PlagueHO\genai-database-explorer\src\GenAIDBExplorer\GenAIDBExplorer.Core\Data\DatabaseProviders\SqlQueryExecutor.cs:line 19    at GenAIDBExplorer.Core.SemanticModelProviders.SchemaRepository.GetTablesAsync(String schema) in D:\source\GitHub\PlagueHO\genai-database-explorer\src\GenAIDBExplorer\GenAIDBExplorer.Core\SemanticModelProviders\SchemaRepository.cs:line 50 ClientConnectionId:00000000-0000-0000-0000-000000000000 Error Number:2,State:0,Class:20', because Should not show stack traces for valid options, but it did match.
[2] Expected regular expression 'Exception.*at.*' to not match Unhandled exception: Microsoft.Data.SqlClient.SqlException (0x80131904): A network-related or instance-specific error occurred while establishing a connection to SQL Server. The server was not found or was not accessible. Verify that the instance name is correct and that SQL Server is configured to allow remote connections. (provider: Named Pipes Provider, error: 40 - Could not open a connection to SQL Server), because Should not show stack traces for valid options, but it did match.
[3] Expected regular expression 'Exception.*at.*' to not match    at Microsoft.Data.SqlClient.TdsParser.ThrowExceptionAndWarning(TdsParserStateObject stateObj, SqlCommand command, Boolean callerHasConnectionLock, Boolean asyncClose), because Should not show stack traces for valid options, but it did match.</message>
                              <stack-trace>[0] at $commandResult.Output | Should -Not -Match 'Exception.*at.*' -Because 'Should not show stack traces for valid options', D:\source\GitHub\PlagueHO\genai-database-explorer\src\Tests\Integration\Console.Integration.Tests.ps1:263
at &lt;ScriptBlock&gt;, D:\source\GitHub\PlagueHO\genai-database-explorer\src\Tests\Integration\Console.Integration.Tests.ps1:263
[1] at $commandResult.Output | Should -Not -Match 'Exception.*at.*' -Because 'Should not show stack traces for valid options', D:\source\GitHub\PlagueHO\genai-database-explorer\src\Tests\Integration\Console.Integration.Tests.ps1:263
at &lt;ScriptBlock&gt;, D:\source\GitHub\PlagueHO\genai-database-explorer\src\Tests\Integration\Console.Integration.Tests.ps1:263
[2] at $commandResult.Output | Should -Not -Match 'Exception.*at.*' -Because 'Should not show stack traces for valid options', D:\source\GitHub\PlagueHO\genai-database-explorer\src\Tests\Integration\Console.Integration.Tests.ps1:263
at &lt;ScriptBlock&gt;, D:\source\GitHub\PlagueHO\genai-database-explorer\src\Tests\Integration\Console.Integration.Tests.ps1:263
[3] at $commandResult.Output | Should -Not -Match 'Exception.*at.*' -Because 'Should not show stack traces for valid options', D:\source\GitHub\PlagueHO\genai-database-explorer\src\Tests\Integration\Console.Integration.Tests.ps1:263
at &lt;ScriptBlock&gt;, D:\source\GitHub\PlagueHO\genai-database-explorer\src\Tests\Integration\Console.Integration.Tests.ps1:263</stack-trace>
                            </failure>
                          </test-case>
                        </results>
                      </test-suite>
                    </results>
                  </test-suite>
                  <test-suite type="TestFixture" name="GenAI Database Explorer Console Application.Database Schema Operations.data-dictionary command" executed="True" result="Failure" success="False" time="31.5063" asserts="0" description="GenAI Database Explorer Console Application.Database Schema Operations.data-dictionary command">
                    <results>
                      <test-suite type="TestFixture" name="GenAI Database Explorer Console Application.Database Schema Operations.data-dictionary command.When applying data dictionary files" executed="True" result="Failure" success="False" time="0.3173" asserts="0" description="GenAI Database Explorer Console Application.Database Schema Operations.data-dictionary command.When applying data dictionary files">
                        <results>
                          <test-case description="Should process dictionary files without errors" name="GenAI Database Explorer Console Application.Database Schema Operations.data-dictionary command.When applying data dictionary files.Should process dictionary files without errors" time="0.2987" asserts="0" success="False" result="Failure" executed="True">
                            <failure>
                              <message>Expected regular expression 'Exception|Error.*Exception' to not match System.Management.Automation.RemoteException, because Should not throw unhandled exceptions, but it did match.</message>
                              <stack-trace>at $commandResult.Output | Should -Not -Match 'Exception|Error.*Exception' -Because 'Should not throw unhandled exceptions', D:\source\GitHub\PlagueHO\genai-database-explorer\src\Tests\Integration\Console.Integration.Tests.ps1:283
at &lt;ScriptBlock&gt;, D:\source\GitHub\PlagueHO\genai-database-explorer\src\Tests\Integration\Console.Integration.Tests.ps1:283</stack-trace>
                            </failure>
                          </test-case>
                        </results>
                      </test-suite>
                      <test-suite type="TestFixture" name="GenAI Database Explorer Console Application.Database Schema Operations.data-dictionary command.When showing applied dictionaries" executed="True" result="Success" success="True" time="0.5687" asserts="0" description="GenAI Database Explorer Console Application.Database Schema Operations.data-dictionary command.When showing applied dictionaries">
                        <results>
                          <test-case description="Should display dictionary information with --show option" name="GenAI Database Explorer Console Application.Database Schema Operations.data-dictionary command.When showing applied dictionaries.Should display dictionary information with --show option" time="0.2422" asserts="0" success="True" result="Success" executed="True" />
                        </results>
                      </test-suite>
                    </results>
                  </test-suite>
                </results>
              </test-suite>
              <test-suite type="TestFixture" name="GenAI Database Explorer Console Application.AI Operations" executed="True" result="Success" success="True" time="48.7435" asserts="0" description="GenAI Database Explorer Console Application.AI Operations">
                <results>
                  <test-suite type="TestFixture" name="GenAI Database Explorer Console Application.AI Operations.enrich-model command" executed="True" result="Success" success="True" time="0.4916" asserts="0" description="GenAI Database Explorer Console Application.AI Operations.enrich-model command">
                    <results>
                      <test-suite type="TestFixture" name="GenAI Database Explorer Console Application.AI Operations.enrich-model command.When enriching with AI services available" executed="True" result="Success" success="True" time="0.2577" asserts="0" description="GenAI Database Explorer Console Application.AI Operations.enrich-model command.When enriching with AI services available">
                        <results>
                          <test-case description="Should enhance semantic model with AI-generated descriptions" name="GenAI Database Explorer Console Application.AI Operations.enrich-model command.When enriching with AI services available.Should enhance semantic model with AI-generated descriptions" time="0.2529" asserts="0" success="True" result="Success" executed="True" />
                        </results>
                      </test-suite>
                      <test-suite type="TestFixture" name="GenAI Database Explorer Console Application.AI Operations.enrich-model command.When enriching specific objects" executed="True" result="Success" success="True" time="0.4874" asserts="0" description="GenAI Database Explorer Console Application.AI Operations.enrich-model command.When enriching specific objects">
                        <results>
                          <test-case description="Should handle enrichment with object name filters" name="GenAI Database Explorer Console Application.AI Operations.enrich-model command.When enriching specific objects.Should handle enrichment with object name filters" time="0.2254" asserts="0" success="True" result="Success" executed="True" />
                        </results>
                      </test-suite>
                    </results>
                  </test-suite>
                </results>
              </test-suite>
              <test-suite type="TestFixture" name="GenAI Database Explorer Console Application.Model Display and Export Operations" executed="True" result="Failure" success="False" time="65.833" asserts="0" description="GenAI Database Explorer Console Application.Model Display and Export Operations">
                <results>
                  <test-suite type="TestFixture" name="GenAI Database Explorer Console Application.Model Display and Export Operations.show-object command" executed="True" result="Failure" success="False" time="0.5211" asserts="0" description="GenAI Database Explorer Console Application.Model Display and Export Operations.show-object command">
                    <results>
                      <test-suite type="TestFixture" name="GenAI Database Explorer Console Application.Model Display and Export Operations.show-object command.When displaying table information" executed="True" result="Success" success="True" time="0.2364" asserts="0" description="GenAI Database Explorer Console Application.Model Display and Export Operations.show-object command.When displaying table information">
                        <results>
                          <test-case description="Should show table details or handle missing tables gracefully" name="GenAI Database Explorer Console Application.Model Display and Export Operations.show-object command.When displaying table information.Should show table details or handle missing tables gracefully" time="0.2314" asserts="0" success="True" result="Success" executed="True" />
                        </results>
                      </test-suite>
                      <test-suite type="TestFixture" name="GenAI Database Explorer Console Application.Model Display and Export Operations.show-object command.When displaying specific object by name" executed="True" result="Failure" success="False" time="0.5155" asserts="0" description="GenAI Database Explorer Console Application.Model Display and Export Operations.show-object command.When displaying specific object by name">
                        <results>
                          <test-case description="Should show specific table details when name is provided" name="GenAI Database Explorer Console Application.Model Display and Export Operations.show-object command.When displaying specific object by name.Should show specific table details when name is provided" time="0.2744" asserts="0" success="False" result="Failure" executed="True">
                            <failure>
                              <message>[0] Expected regular expression 'Exception.*at.*' to not match '17:26:32 fail: GenAIDBExplorer.Core.Repository.LocalDiskPersistenceStrategy[0] Semantic model not found at path 'C:\Users\dascottr\AppData\Local\Temp\genaidb-integration-test-1991154632\projects\display-test\SemanticModel' System.IO.FileNotFoundException: The semantic model file was not found. File name: 'C:\Users\dascottr\AppData\Local\Temp\genaidb-integration-test-1991154632\projects\display-test\SemanticModel\semanticmodel.json'    at GenAIDBExplorer.Core.Models.SemanticModel.SemanticModel.LoadModelAsync(DirectoryInfo modelPath) in D:\source\GitHub\PlagueHO\genai-database-explorer\src\GenAIDBExplorer\GenAIDBExplorer.Core\Models\SemanticModel\SemanticModel.cs:line 148    at GenAIDBExplorer.Core.Repository.LocalDiskPersistenceStrategy.LoadModelAsync(DirectoryInfo modelPath) in D:\source\GitHub\PlagueHO\genai-database-explorer\src\GenAIDBExplorer\GenAIDBExplorer.Core\Repository\LocalDiskPersistenceStrategy.cs:line 110', because Should not show stack traces, but it did match.
[1] Expected regular expression 'Exception.*at.*' to not match '17:26:32 warn: GenAIDBExplorer.Core.SemanticModelProviders.SemanticModelProvider[0] Failed to load semantic model using repository from 'C:\Users\dascottr\AppData\Local\Temp\genaidb-integration-test-1991154632\projects\display-test\SemanticModel', falling back to direct loading System.IO.FileNotFoundException: The semantic model file was not found. File name: 'C:\Users\dascottr\AppData\Local\Temp\genaidb-integration-test-1991154632\projects\display-test\SemanticModel\semanticmodel.json'    at GenAIDBExplorer.Core.Models.SemanticModel.SemanticModel.LoadModelAsync(DirectoryInfo modelPath) in D:\source\GitHub\PlagueHO\genai-database-explorer\src\GenAIDBExplorer\GenAIDBExplorer.Core\Models\SemanticModel\SemanticModel.cs:line 148    at GenAIDBExplorer.Core.Repository.LocalDiskPersistenceStrategy.LoadModelAsync(DirectoryInfo modelPath) in D:\source\GitHub\PlagueHO\genai-database-explorer\src\GenAIDBExplorer\GenAIDBExplorer.Core\Repository\LocalDiskPersistenceStrategy.cs:line 110    at GenAIDBExplorer.Core.Repository.SemanticModelRepository.&lt;&gt;c__DisplayClass11_1.&lt;&lt;LoadModelAsync&gt;b__0&gt;d.MoveNext() in D:\source\GitHub\PlagueHO\genai-database-explorer\src\GenAIDBExplorer\GenAIDBExplorer.Core\Repository\SemanticModelRepository.cs:line 124 --- End of stack trace from previous location ---    at GenAIDBExplorer.Core.Repository.SemanticModelRepository.ExecuteWithConcurrencyProtectionAsync[T](String path, Func`1 operation) in D:\source\GitHub\PlagueHO\genai-database-explorer\src\GenAIDBExplorer\GenAIDBExplorer.Core\Repository\SemanticModelRepository.cs:line 333    at GenAIDBExplorer.Core.Repository.SemanticModelRepository.LoadModelAsync(DirectoryInfo modelPath, SemanticModelRepositoryOptions options) in D:\source\GitHub\PlagueHO\genai-database-explorer\src\GenAIDBExplorer\GenAIDBExplorer.Core\Repository\SemanticModelRepository.cs:line 77    at GenAIDBExplorer.Core.SemanticModelProviders.SemanticModelProvider.LoadSemanticModelFromLocalDiskAsync() in D:\source\GitHub\PlagueHO\genai-database-explorer\src\GenAIDBExplorer\GenAIDBExplorer.Core\SemanticModelProviders\SemanticModelProvider.cs:line 110', because Should not show stack traces, but it did match.</message>
                              <stack-trace>[0] at $commandResult.Output | Should -Not -Match 'Exception.*at.*' -Because 'Should not show stack traces', D:\source\GitHub\PlagueHO\genai-database-explorer\src\Tests\Integration\Console.Integration.Tests.ps1:410
at &lt;ScriptBlock&gt;, D:\source\GitHub\PlagueHO\genai-database-explorer\src\Tests\Integration\Console.Integration.Tests.ps1:410
[1] at $commandResult.Output | Should -Not -Match 'Exception.*at.*' -Because 'Should not show stack traces', D:\source\GitHub\PlagueHO\genai-database-explorer\src\Tests\Integration\Console.Integration.Tests.ps1:410
at &lt;ScriptBlock&gt;, D:\source\GitHub\PlagueHO\genai-database-explorer\src\Tests\Integration\Console.Integration.Tests.ps1:410</stack-trace>
                            </failure>
                          </test-case>
                        </results>
                      </test-suite>
                    </results>
                  </test-suite>
                  <test-suite type="TestFixture" name="GenAI Database Explorer Console Application.Model Display and Export Operations.query-model command" executed="True" result="Failure" success="False" time="1.0586" asserts="0" description="GenAI Database Explorer Console Application.Model Display and Export Operations.query-model command">
                    <results>
                      <test-suite type="TestFixture" name="GenAI Database Explorer Console Application.Model Display and Export Operations.query-model command.When accessing query interface" executed="True" result="Failure" success="False" time="0.2405" asserts="0" description="GenAI Database Explorer Console Application.Model Display and Export Operations.query-model command.When accessing query interface">
                        <results>
                          <test-case description="Should display help or handle query command gracefully" name="GenAI Database Explorer Console Application.Model Display and Export Operations.query-model command.When accessing query interface.Should display help or handle query command gracefully" time="0.236" asserts="0" success="False" result="Failure" executed="True">
                            <failure>
                              <message>[0] Expected regular expression 'Usage|Options|Commands' to match 'Description:', because Help should display usage information, but it did not match.
[1] Expected regular expression 'Usage|Options|Commands' to match '  Answer questions based on the semantic model by using Generative AI.', because Help should display usage information, but it did not match.
[2] Expected regular expression 'Usage|Options|Commands' to match &lt;empty&gt;, because Help should display usage information, but it did not match.
[3] Expected regular expression 'Usage|Options|Commands' to match &lt;empty&gt;, because Help should display usage information, but it did not match.
[4] Expected regular expression 'Usage|Options|Commands' to match '  -p, --project (REQUIRED)  The path to the GenAI Database Explorer project.', because Help should display usage information, but it did not match.
[5] Expected regular expression 'Usage|Options|Commands' to match &lt;empty&gt;, because Help should display usage information, but it did not match.</message>
                              <stack-trace>[0] at $commandResult.Output | Should -Match 'Usage|Options|Commands' -Because 'Help should display usage information', D:\source\GitHub\PlagueHO\genai-database-explorer\src\Tests\Integration\Console.Integration.Tests.ps1:424
at &lt;ScriptBlock&gt;, D:\source\GitHub\PlagueHO\genai-database-explorer\src\Tests\Integration\Console.Integration.Tests.ps1:424
[1] at $commandResult.Output | Should -Match 'Usage|Options|Commands' -Because 'Help should display usage information', D:\source\GitHub\PlagueHO\genai-database-explorer\src\Tests\Integration\Console.Integration.Tests.ps1:424
at &lt;ScriptBlock&gt;, D:\source\GitHub\PlagueHO\genai-database-explorer\src\Tests\Integration\Console.Integration.Tests.ps1:424
[2] at $commandResult.Output | Should -Match 'Usage|Options|Commands' -Because 'Help should display usage information', D:\source\GitHub\PlagueHO\genai-database-explorer\src\Tests\Integration\Console.Integration.Tests.ps1:424
at &lt;ScriptBlock&gt;, D:\source\GitHub\PlagueHO\genai-database-explorer\src\Tests\Integration\Console.Integration.Tests.ps1:424
[3] at $commandResult.Output | Should -Match 'Usage|Options|Commands' -Because 'Help should display usage information', D:\source\GitHub\PlagueHO\genai-database-explorer\src\Tests\Integration\Console.Integration.Tests.ps1:424
at &lt;ScriptBlock&gt;, D:\source\GitHub\PlagueHO\genai-database-explorer\src\Tests\Integration\Console.Integration.Tests.ps1:424
[4] at $commandResult.Output | Should -Match 'Usage|Options|Commands' -Because 'Help should display usage information', D:\source\GitHub\PlagueHO\genai-database-explorer\src\Tests\Integration\Console.Integration.Tests.ps1:424
at &lt;ScriptBlock&gt;, D:\source\GitHub\PlagueHO\genai-database-explorer\src\Tests\Integration\Console.Integration.Tests.ps1:424
[5] at $commandResult.Output | Should -Match 'Usage|Options|Commands' -Because 'Help should display usage information', D:\source\GitHub\PlagueHO\genai-database-explorer\src\Tests\Integration\Console.Integration.Tests.ps1:424
at &lt;ScriptBlock&gt;, D:\source\GitHub\PlagueHO\genai-database-explorer\src\Tests\Integration\Console.Integration.Tests.ps1:424</stack-trace>
                            </failure>
                          </test-case>
                        </results>
                      </test-suite>
                      <test-suite type="TestFixture" name="GenAI Database Explorer Console Application.Model Display and Export Operations.query-model command.When testing query functionality" executed="True" result="Failure" success="False" time="0.5337" asserts="0" description="GenAI Database Explorer Console Application.Model Display and Export Operations.query-model command.When testing query functionality">
                        <results>
                          <test-case description="Should handle basic query operations" name="GenAI Database Explorer Console Application.Model Display and Export Operations.query-model command.When testing query functionality.Should handle basic query operations" time="0.2885" asserts="0" success="False" result="Failure" executed="True">
                            <failure>
                              <message>[0] Expected regular expression 'Exception.*at.*' to not match '17:26:32 fail: GenAIDBExplorer.Core.Repository.LocalDiskPersistenceStrategy[0] Semantic model not found at path 'C:\Users\dascottr\AppData\Local\Temp\genaidb-integration-test-1991154632\projects\ai-test\SemanticModel' System.IO.FileNotFoundException: The semantic model file was not found. File name: 'C:\Users\dascottr\AppData\Local\Temp\genaidb-integration-test-1991154632\projects\ai-test\SemanticModel\semanticmodel.json'    at GenAIDBExplorer.Core.Models.SemanticModel.SemanticModel.LoadModelAsync(DirectoryInfo modelPath) in D:\source\GitHub\PlagueHO\genai-database-explorer\src\GenAIDBExplorer\GenAIDBExplorer.Core\Models\SemanticModel\SemanticModel.cs:line 148    at GenAIDBExplorer.Core.Repository.LocalDiskPersistenceStrategy.LoadModelAsync(DirectoryInfo modelPath) in D:\source\GitHub\PlagueHO\genai-database-explorer\src\GenAIDBExplorer\GenAIDBExplorer.Core\Repository\LocalDiskPersistenceStrategy.cs:line 110', because Should not show stack traces, but it did match.
[1] Expected regular expression 'Exception.*at.*' to not match '17:26:32 warn: GenAIDBExplorer.Core.SemanticModelProviders.SemanticModelProvider[0] Failed to load semantic model using repository from 'C:\Users\dascottr\AppData\Local\Temp\genaidb-integration-test-1991154632\projects\ai-test\SemanticModel', falling back to direct loading System.IO.FileNotFoundException: The semantic model file was not found. File name: 'C:\Users\dascottr\AppData\Local\Temp\genaidb-integration-test-1991154632\projects\ai-test\SemanticModel\semanticmodel.json'    at GenAIDBExplorer.Core.Models.SemanticModel.SemanticModel.LoadModelAsync(DirectoryInfo modelPath) in D:\source\GitHub\PlagueHO\genai-database-explorer\src\GenAIDBExplorer\GenAIDBExplorer.Core\Models\SemanticModel\SemanticModel.cs:line 148    at GenAIDBExplorer.Core.Repository.LocalDiskPersistenceStrategy.LoadModelAsync(DirectoryInfo modelPath) in D:\source\GitHub\PlagueHO\genai-database-explorer\src\GenAIDBExplorer\GenAIDBExplorer.Core\Repository\LocalDiskPersistenceStrategy.cs:line 110    at GenAIDBExplorer.Core.Repository.SemanticModelRepository.&lt;&gt;c__DisplayClass11_1.&lt;&lt;LoadModelAsync&gt;b__0&gt;d.MoveNext() in D:\source\GitHub\PlagueHO\genai-database-explorer\src\GenAIDBExplorer\GenAIDBExplorer.Core\Repository\SemanticModelRepository.cs:line 124 --- End of stack trace from previous location ---    at GenAIDBExplorer.Core.Repository.SemanticModelRepository.ExecuteWithConcurrencyProtectionAsync[T](String path, Func`1 operation) in D:\source\GitHub\PlagueHO\genai-database-explorer\src\GenAIDBExplorer\GenAIDBExplorer.Core\Repository\SemanticModelRepository.cs:line 333    at GenAIDBExplorer.Core.Repository.SemanticModelRepository.LoadModelAsync(DirectoryInfo modelPath, SemanticModelRepositoryOptions options) in D:\source\GitHub\PlagueHO\genai-database-explorer\src\GenAIDBExplorer\GenAIDBExplorer.Core\Repository\SemanticModelRepository.cs:line 77    at GenAIDBExplorer.Core.SemanticModelProviders.SemanticModelProvider.LoadSemanticModelFromLocalDiskAsync() in D:\source\GitHub\PlagueHO\genai-database-explorer\src\GenAIDBExplorer\GenAIDBExplorer.Core\SemanticModelProviders\SemanticModelProvider.cs:line 110', because Should not show stack traces, but it did match.</message>
                              <stack-trace>[0] at $commandResult.Output | Should -Not -Match 'Exception.*at.*' -Because 'Should not show stack traces', D:\source\GitHub\PlagueHO\genai-database-explorer\src\Tests\Integration\Console.Integration.Tests.ps1:435
at &lt;ScriptBlock&gt;, D:\source\GitHub\PlagueHO\genai-database-explorer\src\Tests\Integration\Console.Integration.Tests.ps1:435
[1] at $commandResult.Output | Should -Not -Match 'Exception.*at.*' -Because 'Should not show stack traces', D:\source\GitHub\PlagueHO\genai-database-explorer\src\Tests\Integration\Console.Integration.Tests.ps1:435
at &lt;ScriptBlock&gt;, D:\source\GitHub\PlagueHO\genai-database-explorer\src\Tests\Integration\Console.Integration.Tests.ps1:435</stack-trace>
                            </failure>
                          </test-case>
                        </results>
                      </test-suite>
                    </results>
                  </test-suite>
                  <test-suite type="TestFixture" name="GenAI Database Explorer Console Application.Model Display and Export Operations.export-model command" executed="True" result="Failure" success="False" time="1.5306" asserts="0" description="GenAI Database Explorer Console Application.Model Display and Export Operations.export-model command">
                    <results>
                      <test-suite type="TestFixture" name="GenAI Database Explorer Console Application.Model Display and Export Operations.export-model command.When exporting to markdown format" executed="True" result="Failure" success="False" time="0.2318" asserts="0" description="GenAI Database Explorer Console Application.Model Display and Export Operations.export-model command.When exporting to markdown format">
                        <results>
                          <test-case description="Should create markdown documentation file" name="GenAI Database Explorer Console Application.Model Display and Export Operations.export-model command.When exporting to markdown format.Should create markdown documentation file" time="0.2272" asserts="0" success="False" result="Failure" executed="True">
                            <failure>
                              <message>[0] Expected path 'C:\Users\dascottr\AppData\Local\Temp\genaidb-integration-test-1991154632\projects\display-test\exported-model.md' to exist, because Exported file should exist, but it did not exist.
[1] Expected a value, because Exported content should not be empty, but got $null or empty.
[2] Expected regular expression 'Database|Model|Schema|#' to match $null, because Should contain expected database documentation content with markdown formatting, but it did not match.</message>
                              <stack-trace>[0] at $exportPath | Should -Exist -Because 'Exported file should exist', D:\source\GitHub\PlagueHO\genai-database-explorer\src\Tests\Integration\Console.Integration.Tests.ps1:451
at &lt;ScriptBlock&gt;, D:\source\GitHub\PlagueHO\genai-database-explorer\src\Tests\Integration\Console.Integration.Tests.ps1:451
[1] at $exportContent | Should -Not -BeNullOrEmpty -Because 'Exported content should not be empty', D:\source\GitHub\PlagueHO\genai-database-explorer\src\Tests\Integration\Console.Integration.Tests.ps1:454
at &lt;ScriptBlock&gt;, D:\source\GitHub\PlagueHO\genai-database-explorer\src\Tests\Integration\Console.Integration.Tests.ps1:454
[2] at $exportContent | Should -Match 'Database|Model|Schema|#' -Because 'Should contain expected database documentation content with markdown formatting', D:\source\GitHub\PlagueHO\genai-database-explorer\src\Tests\Integration\Console.Integration.Tests.ps1:455
at &lt;ScriptBlock&gt;, D:\source\GitHub\PlagueHO\genai-database-explorer\src\Tests\Integration\Console.Integration.Tests.ps1:455</stack-trace>
                            </failure>
                          </test-case>
                        </results>
                      </test-suite>
                      <test-suite type="TestFixture" name="GenAI Database Explorer Console Application.Model Display and Export Operations.export-model command.When exporting with split files option" executed="True" result="Success" success="True" time="0.4573" asserts="0" description="GenAI Database Explorer Console Application.Model Display and Export Operations.export-model command.When exporting with split files option">
                        <results>
                          <test-case description="Should handle splitFiles option correctly" name="GenAI Database Explorer Console Application.Model Display and Export Operations.export-model command.When exporting with split files option.Should handle splitFiles option correctly" time="0.2206" asserts="0" success="True" result="Success" executed="True" />
                        </results>
                      </test-suite>
                    </results>
                  </test-suite>
                </results>
              </test-suite>
              <test-suite type="TestFixture" name="GenAI Database Explorer Console Application.CLI Interface and Error Handling" executed="True" result="Failure" success="False" time="66.3264" asserts="0" description="GenAI Database Explorer Console Application.CLI Interface and Error Handling">
                <results>
                  <test-suite type="TestFixture" name="GenAI Database Explorer Console Application.CLI Interface and Error Handling.CLI help and error handling" executed="True" result="Failure" success="False" time="0.4895" asserts="0" description="GenAI Database Explorer Console Application.CLI Interface and Error Handling.CLI help and error handling">
                    <results>
                      <test-suite type="TestFixture" name="GenAI Database Explorer Console Application.CLI Interface and Error Handling.CLI help and error handling.When requesting help information" executed="True" result="Failure" success="False" time="0.2385" asserts="0" description="GenAI Database Explorer Console Application.CLI Interface and Error Handling.CLI help and error handling.When requesting help information">
                        <results>
                          <test-case description="Should display main help information correctly" name="GenAI Database Explorer Console Application.CLI Interface and Error Handling.CLI help and error handling.When requesting help information.Should display main help information correctly" time="0.2339" asserts="0" success="False" result="Failure" executed="True">
                            <failure>
                              <message>[0] Expected regular expression 'Usage|Commands|Options' to match 'Description:', because Should display standard CLI help format, but it did not match.
[1] Expected regular expression 'Usage|Commands|Options' to match '  GenAI Database Explorer console application', because Should display standard CLI help format, but it did not match.
[2] Expected regular expression 'Usage|Commands|Options' to match &lt;empty&gt;, because Should display standard CLI help format, but it did not match.
[3] Expected regular expression 'Usage|Commands|Options' to match &lt;empty&gt;, because Should display standard CLI help format, but it did not match.
[4] Expected regular expression 'Usage|Commands|Options' to match '  --version       Show version information', because Should display standard CLI help format, but it did not match.
[5] Expected regular expression 'Usage|Commands|Options' to match &lt;empty&gt;, because Should display standard CLI help format, but it did not match.
[6] Expected regular expression 'Usage|Commands|Options' to match '  init-project     Initialize a GenAI Database Explorer project.', because Should display standard CLI help format, but it did not match.
[7] Expected regular expression 'Usage|Commands|Options' to match '  data-dictionary  Process data dictionary files and update the semantic model.', because Should display standard CLI help format, but it did not match.
[8] Expected regular expression 'Usage|Commands|Options' to match '  enrich-model     Enrich an existing semantic model with descriptions in a GenAI Database Explorer project.', because Should display standard CLI help format, but it did not match.
[9] Expected regular expression 'Usage|Commands|Options' to match '  export-model     Export the semantic model from a GenAI Database Explorer project.', because Should display standard CLI help format, but it did not match.
[10] Expected regular expression 'Usage|Commands|Options' to match '  extract-model    Extract a semantic model from a SQL database for a GenAI Database Explorer project.', because Should display standard CLI help format, but it did not match.
[11] Expected regular expression 'Usage|Commands|Options' to match '  query-model      Answer questions based on the semantic model by using Generative AI.', because Should display standard CLI help format, but it did not match.
[12] Expected regular expression 'Usage|Commands|Options' to match '  show-object      Show details of a semantic model object.', because Should display standard CLI help format, but it did not match.
[13] Expected regular expression 'Usage|Commands|Options' to match &lt;empty&gt;, because Should display standard CLI help format, but it did not match.
[14] Expected regular expression 'init-project|extract-model|query-model' to match 'Description:', because Should list main CLI commands, but it did not match.
[15] Expected regular expression 'init-project|extract-model|query-model' to match '  GenAI Database Explorer console application', because Should list main CLI commands, but it did not match.
[16] Expected regular expression 'init-project|extract-model|query-model' to match &lt;empty&gt;, because Should list main CLI commands, but it did not match.
[17] Expected regular expression 'init-project|extract-model|query-model' to match 'Usage:', because Should list main CLI commands, but it did not match.
[18] Expected regular expression 'init-project|extract-model|query-model' to match '  GenAIDBExplorer.Console [command] [options]', because Should list main CLI commands, but it did not match.
[19] Expected regular expression 'init-project|extract-model|query-model' to match &lt;empty&gt;, because Should list main CLI commands, but it did not match.
[20] Expected regular expression 'init-project|extract-model|query-model' to match 'Options:', because Should list main CLI commands, but it did not match.
[21] Expected regular expression 'init-project|extract-model|query-model' to match '  -?, -h, --help  Show help and usage information', because Should list main CLI commands, but it did not match.
[22] Expected regular expression 'init-project|extract-model|query-model' to match '  --version       Show version information', because Should list main CLI commands, but it did not match.
[23] Expected regular expression 'init-project|extract-model|query-model' to match &lt;empty&gt;, because Should list main CLI commands, but it did not match.
[24] Expected regular expression 'init-project|extract-model|query-model' to match 'Commands:', because Should list main CLI commands, but it did not match.
[25] Expected regular expression 'init-project|extract-model|query-model' to match '  data-dictionary  Process data dictionary files and update the semantic model.', because Should list main CLI commands, but it did not match.
[26] Expected regular expression 'init-project|extract-model|query-model' to match '  enrich-model     Enrich an existing semantic model with descriptions in a GenAI Database Explorer project.', because Should list main CLI commands, but it did not match.
[27] Expected regular expression 'init-project|extract-model|query-model' to match '  export-model     Export the semantic model from a GenAI Database Explorer project.', because Should list main CLI commands, but it did not match.
[28] Expected regular expression 'init-project|extract-model|query-model' to match '  show-object      Show details of a semantic model object.', because Should list main CLI commands, but it did not match.
[29] Expected regular expression 'init-project|extract-model|query-model' to match &lt;empty&gt;, because Should list main CLI commands, but it did not match.</message>
                              <stack-trace>[0] at $commandResult.Output | Should -Match 'Usage|Commands|Options' -Because 'Should display standard CLI help format', D:\source\GitHub\PlagueHO\genai-database-explorer\src\Tests\Integration\Console.Integration.Tests.ps1:489
at &lt;ScriptBlock&gt;, D:\source\GitHub\PlagueHO\genai-database-explorer\src\Tests\Integration\Console.Integration.Tests.ps1:489
[1] at $commandResult.Output | Should -Match 'Usage|Commands|Options' -Because 'Should display standard CLI help format', D:\source\GitHub\PlagueHO\genai-database-explorer\src\Tests\Integration\Console.Integration.Tests.ps1:489
at &lt;ScriptBlock&gt;, D:\source\GitHub\PlagueHO\genai-database-explorer\src\Tests\Integration\Console.Integration.Tests.ps1:489
[2] at $commandResult.Output | Should -Match 'Usage|Commands|Options' -Because 'Should display standard CLI help format', D:\source\GitHub\PlagueHO\genai-database-explorer\src\Tests\Integration\Console.Integration.Tests.ps1:489
at &lt;ScriptBlock&gt;, D:\source\GitHub\PlagueHO\genai-database-explorer\src\Tests\Integration\Console.Integration.Tests.ps1:489
[3] at $commandResult.Output | Should -Match 'Usage|Commands|Options' -Because 'Should display standard CLI help format', D:\source\GitHub\PlagueHO\genai-database-explorer\src\Tests\Integration\Console.Integration.Tests.ps1:489
at &lt;ScriptBlock&gt;, D:\source\GitHub\PlagueHO\genai-database-explorer\src\Tests\Integration\Console.Integration.Tests.ps1:489
[4] at $commandResult.Output | Should -Match 'Usage|Commands|Options' -Because 'Should display standard CLI help format', D:\source\GitHub\PlagueHO\genai-database-explorer\src\Tests\Integration\Console.Integration.Tests.ps1:489
at &lt;ScriptBlock&gt;, D:\source\GitHub\PlagueHO\genai-database-explorer\src\Tests\Integration\Console.Integration.Tests.ps1:489
[5] at $commandResult.Output | Should -Match 'Usage|Commands|Options' -Because 'Should display standard CLI help format', D:\source\GitHub\PlagueHO\genai-database-explorer\src\Tests\Integration\Console.Integration.Tests.ps1:489
at &lt;ScriptBlock&gt;, D:\source\GitHub\PlagueHO\genai-database-explorer\src\Tests\Integration\Console.Integration.Tests.ps1:489
[6] at $commandResult.Output | Should -Match 'Usage|Commands|Options' -Because 'Should display standard CLI help format', D:\source\GitHub\PlagueHO\genai-database-explorer\src\Tests\Integration\Console.Integration.Tests.ps1:489
at &lt;ScriptBlock&gt;, D:\source\GitHub\PlagueHO\genai-database-explorer\src\Tests\Integration\Console.Integration.Tests.ps1:489
[7] at $commandResult.Output | Should -Match 'Usage|Commands|Options' -Because 'Should display standard CLI help format', D:\source\GitHub\PlagueHO\genai-database-explorer\src\Tests\Integration\Console.Integration.Tests.ps1:489
at &lt;ScriptBlock&gt;, D:\source\GitHub\PlagueHO\genai-database-explorer\src\Tests\Integration\Console.Integration.Tests.ps1:489
[8] at $commandResult.Output | Should -Match 'Usage|Commands|Options' -Because 'Should display standard CLI help format', D:\source\GitHub\PlagueHO\genai-database-explorer\src\Tests\Integration\Console.Integration.Tests.ps1:489
at &lt;ScriptBlock&gt;, D:\source\GitHub\PlagueHO\genai-database-explorer\src\Tests\Integration\Console.Integration.Tests.ps1:489
[9] at $commandResult.Output | Should -Match 'Usage|Commands|Options' -Because 'Should display standard CLI help format', D:\source\GitHub\PlagueHO\genai-database-explorer\src\Tests\Integration\Console.Integration.Tests.ps1:489
at &lt;ScriptBlock&gt;, D:\source\GitHub\PlagueHO\genai-database-explorer\src\Tests\Integration\Console.Integration.Tests.ps1:489
[10] at $commandResult.Output | Should -Match 'Usage|Commands|Options' -Because 'Should display standard CLI help format', D:\source\GitHub\PlagueHO\genai-database-explorer\src\Tests\Integration\Console.Integration.Tests.ps1:489
at &lt;ScriptBlock&gt;, D:\source\GitHub\PlagueHO\genai-database-explorer\src\Tests\Integration\Console.Integration.Tests.ps1:489
[11] at $commandResult.Output | Should -Match 'Usage|Commands|Options' -Because 'Should display standard CLI help format', D:\source\GitHub\PlagueHO\genai-database-explorer\src\Tests\Integration\Console.Integration.Tests.ps1:489
at &lt;ScriptBlock&gt;, D:\source\GitHub\PlagueHO\genai-database-explorer\src\Tests\Integration\Console.Integration.Tests.ps1:489
[12] at $commandResult.Output | Should -Match 'Usage|Commands|Options' -Because 'Should display standard CLI help format', D:\source\GitHub\PlagueHO\genai-database-explorer\src\Tests\Integration\Console.Integration.Tests.ps1:489
at &lt;ScriptBlock&gt;, D:\source\GitHub\PlagueHO\genai-database-explorer\src\Tests\Integration\Console.Integration.Tests.ps1:489
[13] at $commandResult.Output | Should -Match 'Usage|Commands|Options' -Because 'Should display standard CLI help format', D:\source\GitHub\PlagueHO\genai-database-explorer\src\Tests\Integration\Console.Integration.Tests.ps1:489
at &lt;ScriptBlock&gt;, D:\source\GitHub\PlagueHO\genai-database-explorer\src\Tests\Integration\Console.Integration.Tests.ps1:489
[14] at $commandResult.Output | Should -Match 'init-project|extract-model|query-model' -Because 'Should list main CLI commands', D:\source\GitHub\PlagueHO\genai-database-explorer\src\Tests\Integration\Console.Integration.Tests.ps1:490
at &lt;ScriptBlock&gt;, D:\source\GitHub\PlagueHO\genai-database-explorer\src\Tests\Integration\Console.Integration.Tests.ps1:490
[15] at $commandResult.Output | Should -Match 'init-project|extract-model|query-model' -Because 'Should list main CLI commands', D:\source\GitHub\PlagueHO\genai-database-explorer\src\Tests\Integration\Console.Integration.Tests.ps1:490
at &lt;ScriptBlock&gt;, D:\source\GitHub\PlagueHO\genai-database-explorer\src\Tests\Integration\Console.Integration.Tests.ps1:490
[16] at $commandResult.Output | Should -Match 'init-project|extract-model|query-model' -Because 'Should list main CLI commands', D:\source\GitHub\PlagueHO\genai-database-explorer\src\Tests\Integration\Console.Integration.Tests.ps1:490
at &lt;ScriptBlock&gt;, D:\source\GitHub\PlagueHO\genai-database-explorer\src\Tests\Integration\Console.Integration.Tests.ps1:490
[17] at $commandResult.Output | Should -Match 'init-project|extract-model|query-model' -Because 'Should list main CLI commands', D:\source\GitHub\PlagueHO\genai-database-explorer\src\Tests\Integration\Console.Integration.Tests.ps1:490
at &lt;ScriptBlock&gt;, D:\source\GitHub\PlagueHO\genai-database-explorer\src\Tests\Integration\Console.Integration.Tests.ps1:490
[18] at $commandResult.Output | Should -Match 'init-project|extract-model|query-model' -Because 'Should list main CLI commands', D:\source\GitHub\PlagueHO\genai-database-explorer\src\Tests\Integration\Console.Integration.Tests.ps1:490
at &lt;ScriptBlock&gt;, D:\source\GitHub\PlagueHO\genai-database-explorer\src\Tests\Integration\Console.Integration.Tests.ps1:490
[19] at $commandResult.Output | Should -Match 'init-project|extract-model|query-model' -Because 'Should list main CLI commands', D:\source\GitHub\PlagueHO\genai-database-explorer\src\Tests\Integration\Console.Integration.Tests.ps1:490
at &lt;ScriptBlock&gt;, D:\source\GitHub\PlagueHO\genai-database-explorer\src\Tests\Integration\Console.Integration.Tests.ps1:490
[20] at $commandResult.Output | Should -Match 'init-project|extract-model|query-model' -Because 'Should list main CLI commands', D:\source\GitHub\PlagueHO\genai-database-explorer\src\Tests\Integration\Console.Integration.Tests.ps1:490
at &lt;ScriptBlock&gt;, D:\source\GitHub\PlagueHO\genai-database-explorer\src\Tests\Integration\Console.Integration.Tests.ps1:490
[21] at $commandResult.Output | Should -Match 'init-project|extract-model|query-model' -Because 'Should list main CLI commands', D:\source\GitHub\PlagueHO\genai-database-explorer\src\Tests\Integration\Console.Integration.Tests.ps1:490
at &lt;ScriptBlock&gt;, D:\source\GitHub\PlagueHO\genai-database-explorer\src\Tests\Integration\Console.Integration.Tests.ps1:490
[22] at $commandResult.Output | Should -Match 'init-project|extract-model|query-model' -Because 'Should list main CLI commands', D:\source\GitHub\PlagueHO\genai-database-explorer\src\Tests\Integration\Console.Integration.Tests.ps1:490
at &lt;ScriptBlock&gt;, D:\source\GitHub\PlagueHO\genai-database-explorer\src\Tests\Integration\Console.Integration.Tests.ps1:490
[23] at $commandResult.Output | Should -Match 'init-project|extract-model|query-model' -Because 'Should list main CLI commands', D:\source\GitHub\PlagueHO\genai-database-explorer\src\Tests\Integration\Console.Integration.Tests.ps1:490
at &lt;ScriptBlock&gt;, D:\source\GitHub\PlagueHO\genai-database-explorer\src\Tests\Integration\Console.Integration.Tests.ps1:490
[24] at $commandResult.Output | Should -Match 'init-project|extract-model|query-model' -Because 'Should list main CLI commands', D:\source\GitHub\PlagueHO\genai-database-explorer\src\Tests\Integration\Console.Integration.Tests.ps1:490
at &lt;ScriptBlock&gt;, D:\source\GitHub\PlagueHO\genai-database-explorer\src\Tests\Integration\Console.Integration.Tests.ps1:490
[25] at $commandResult.Output | Should -Match 'init-project|extract-model|query-model' -Because 'Should list main CLI commands', D:\source\GitHub\PlagueHO\genai-database-explorer\src\Tests\Integration\Console.Integration.Tests.ps1:490
at &lt;ScriptBlock&gt;, D:\source\GitHub\PlagueHO\genai-database-explorer\src\Tests\Integration\Console.Integration.Tests.ps1:490
[26] at $commandResult.Output | Should -Match 'init-project|extract-model|query-model' -Because 'Should list main CLI commands', D:\source\GitHub\PlagueHO\genai-database-explorer\src\Tests\Integration\Console.Integration.Tests.ps1:490
at &lt;ScriptBlock&gt;, D:\source\GitHub\PlagueHO\genai-database-explorer\src\Tests\Integration\Console.Integration.Tests.ps1:490
[27] at $commandResult.Output | Should -Match 'init-project|extract-model|query-model' -Because 'Should list main CLI commands', D:\source\GitHub\PlagueHO\genai-database-explorer\src\Tests\Integration\Console.Integration.Tests.ps1:490
at &lt;ScriptBlock&gt;, D:\source\GitHub\PlagueHO\genai-database-explorer\src\Tests\Integration\Console.Integration.Tests.ps1:490
[28] at $commandResult.Output | Should -Match 'init-project|extract-model|query-model' -Because 'Should list main CLI commands', D:\source\GitHub\PlagueHO\genai-database-explorer\src\Tests\Integration\Console.Integration.Tests.ps1:490
at &lt;ScriptBlock&gt;, D:\source\GitHub\PlagueHO\genai-database-explorer\src\Tests\Integration\Console.Integration.Tests.ps1:490
[29] at $commandResult.Output | Should -Match 'init-project|extract-model|query-model' -Because 'Should list main CLI commands', D:\source\GitHub\PlagueHO\genai-database-explorer\src\Tests\Integration\Console.Integration.Tests.ps1:490
at &lt;ScriptBlock&gt;, D:\source\GitHub\PlagueHO\genai-database-explorer\src\Tests\Integration\Console.Integration.Tests.ps1:490</stack-trace>
                            </failure>
                          </test-case>
                        </results>
                      </test-suite>
                      <test-suite type="TestFixture" name="GenAI Database Explorer Console Application.CLI Interface and Error Handling.CLI help and error handling.When using invalid commands" executed="True" result="Failure" success="False" time="0.4858" asserts="0" description="GenAI Database Explorer Console Application.CLI Interface and Error Handling.CLI help and error handling.When using invalid commands">
                        <results>
                          <test-case description="Should handle invalid commands gracefully" name="GenAI Database Explorer Console Application.CLI Interface and Error Handling.CLI help and error handling.When using invalid commands.Should handle invalid commands gracefully" time="0.2428" asserts="0" success="False" result="Failure" executed="True">
                            <failure>
                              <message>[0] Expected 0 to be different from the actual value, because Invalid command should return non-zero exit code, but got the same value.
[1] Expected regular expression 'command|invalid|unknown|not.*recognized' to match &lt;empty&gt;, because Should provide error message for invalid commands, but it did not match.
[2] Expected regular expression 'command|invalid|unknown|not.*recognized' to match System.Management.Automation.RemoteException, because Should provide error message for invalid commands, but it did not match.
[3] Expected regular expression 'command|invalid|unknown|not.*recognized' to match 'Description:', because Should provide error message for invalid commands, but it did not match.
[4] Expected regular expression 'command|invalid|unknown|not.*recognized' to match '  GenAI Database Explorer console application', because Should provide error message for invalid commands, but it did not match.
[5] Expected regular expression 'command|invalid|unknown|not.*recognized' to match &lt;empty&gt;, because Should provide error message for invalid commands, but it did not match.
[6] Expected regular expression 'command|invalid|unknown|not.*recognized' to match 'Usage:', because Should provide error message for invalid commands, but it did not match.
[7] Expected regular expression 'command|invalid|unknown|not.*recognized' to match &lt;empty&gt;, because Should provide error message for invalid commands, but it did not match.
[8] Expected regular expression 'command|invalid|unknown|not.*recognized' to match 'Options:', because Should provide error message for invalid commands, but it did not match.
[9] Expected regular expression 'command|invalid|unknown|not.*recognized' to match '  -?, -h, --help  Show help and usage information', because Should provide error message for invalid commands, but it did not match.
[10] Expected regular expression 'command|invalid|unknown|not.*recognized' to match '  --version       Show version information', because Should provide error message for invalid commands, but it did not match.
[11] Expected regular expression 'command|invalid|unknown|not.*recognized' to match &lt;empty&gt;, because Should provide error message for invalid commands, but it did not match.
[12] Expected regular expression 'command|invalid|unknown|not.*recognized' to match '  init-project     Initialize a GenAI Database Explorer project.', because Should provide error message for invalid commands, but it did not match.
[13] Expected regular expression 'command|invalid|unknown|not.*recognized' to match '  data-dictionary  Process data dictionary files and update the semantic model.', because Should provide error message for invalid commands, but it did not match.
[14] Expected regular expression 'command|invalid|unknown|not.*recognized' to match '  enrich-model     Enrich an existing semantic model with descriptions in a GenAI Database Explorer project.', because Should provide error message for invalid commands, but it did not match.
[15] Expected regular expression 'command|invalid|unknown|not.*recognized' to match '  export-model     Export the semantic model from a GenAI Database Explorer project.', because Should provide error message for invalid commands, but it did not match.
[16] Expected regular expression 'command|invalid|unknown|not.*recognized' to match '  extract-model    Extract a semantic model from a SQL database for a GenAI Database Explorer project.', because Should provide error message for invalid commands, but it did not match.
[17] Expected regular expression 'command|invalid|unknown|not.*recognized' to match '  query-model      Answer questions based on the semantic model by using Generative AI.', because Should provide error message for invalid commands, but it did not match.
[18] Expected regular expression 'command|invalid|unknown|not.*recognized' to match '  show-object      Show details of a semantic model object.', because Should provide error message for invalid commands, but it did not match.
[19] Expected regular expression 'command|invalid|unknown|not.*recognized' to match &lt;empty&gt;, because Should provide error message for invalid commands, but it did not match.</message>
                              <stack-trace>[0] at $commandResult.ExitCode | Should -Not -Be 0 -Because 'Invalid command should return non-zero exit code', D:\source\GitHub\PlagueHO\genai-database-explorer\src\Tests\Integration\Console.Integration.Tests.ps1:500
at &lt;ScriptBlock&gt;, D:\source\GitHub\PlagueHO\genai-database-explorer\src\Tests\Integration\Console.Integration.Tests.ps1:500
[1] at $commandResult.Output | Should -Match 'command|invalid|unknown|not.*recognized' -Because 'Should provide error message for invalid commands', D:\source\GitHub\PlagueHO\genai-database-explorer\src\Tests\Integration\Console.Integration.Tests.ps1:501
at &lt;ScriptBlock&gt;, D:\source\GitHub\PlagueHO\genai-database-explorer\src\Tests\Integration\Console.Integration.Tests.ps1:501
[2] at $commandResult.Output | Should -Match 'command|invalid|unknown|not.*recognized' -Because 'Should provide error message for invalid commands', D:\source\GitHub\PlagueHO\genai-database-explorer\src\Tests\Integration\Console.Integration.Tests.ps1:501
at &lt;ScriptBlock&gt;, D:\source\GitHub\PlagueHO\genai-database-explorer\src\Tests\Integration\Console.Integration.Tests.ps1:501
[3] at $commandResult.Output | Should -Match 'command|invalid|unknown|not.*recognized' -Because 'Should provide error message for invalid commands', D:\source\GitHub\PlagueHO\genai-database-explorer\src\Tests\Integration\Console.Integration.Tests.ps1:501
at &lt;ScriptBlock&gt;, D:\source\GitHub\PlagueHO\genai-database-explorer\src\Tests\Integration\Console.Integration.Tests.ps1:501
[4] at $commandResult.Output | Should -Match 'command|invalid|unknown|not.*recognized' -Because 'Should provide error message for invalid commands', D:\source\GitHub\PlagueHO\genai-database-explorer\src\Tests\Integration\Console.Integration.Tests.ps1:501
at &lt;ScriptBlock&gt;, D:\source\GitHub\PlagueHO\genai-database-explorer\src\Tests\Integration\Console.Integration.Tests.ps1:501
[5] at $commandResult.Output | Should -Match 'command|invalid|unknown|not.*recognized' -Because 'Should provide error message for invalid commands', D:\source\GitHub\PlagueHO\genai-database-explorer\src\Tests\Integration\Console.Integration.Tests.ps1:501
at &lt;ScriptBlock&gt;, D:\source\GitHub\PlagueHO\genai-database-explorer\src\Tests\Integration\Console.Integration.Tests.ps1:501
[6] at $commandResult.Output | Should -Match 'command|invalid|unknown|not.*recognized' -Because 'Should provide error message for invalid commands', D:\source\GitHub\PlagueHO\genai-database-explorer\src\Tests\Integration\Console.Integration.Tests.ps1:501
at &lt;ScriptBlock&gt;, D:\source\GitHub\PlagueHO\genai-database-explorer\src\Tests\Integration\Console.Integration.Tests.ps1:501
[7] at $commandResult.Output | Should -Match 'command|invalid|unknown|not.*recognized' -Because 'Should provide error message for invalid commands', D:\source\GitHub\PlagueHO\genai-database-explorer\src\Tests\Integration\Console.Integration.Tests.ps1:501
at &lt;ScriptBlock&gt;, D:\source\GitHub\PlagueHO\genai-database-explorer\src\Tests\Integration\Console.Integration.Tests.ps1:501
[8] at $commandResult.Output | Should -Match 'command|invalid|unknown|not.*recognized' -Because 'Should provide error message for invalid commands', D:\source\GitHub\PlagueHO\genai-database-explorer\src\Tests\Integration\Console.Integration.Tests.ps1:501
at &lt;ScriptBlock&gt;, D:\source\GitHub\PlagueHO\genai-database-explorer\src\Tests\Integration\Console.Integration.Tests.ps1:501
[9] at $commandResult.Output | Should -Match 'command|invalid|unknown|not.*recognized' -Because 'Should provide error message for invalid commands', D:\source\GitHub\PlagueHO\genai-database-explorer\src\Tests\Integration\Console.Integration.Tests.ps1:501
at &lt;ScriptBlock&gt;, D:\source\GitHub\PlagueHO\genai-database-explorer\src\Tests\Integration\Console.Integration.Tests.ps1:501
[10] at $commandResult.Output | Should -Match 'command|invalid|unknown|not.*recognized' -Because 'Should provide error message for invalid commands', D:\source\GitHub\PlagueHO\genai-database-explorer\src\Tests\Integration\Console.Integration.Tests.ps1:501
at &lt;ScriptBlock&gt;, D:\source\GitHub\PlagueHO\genai-database-explorer\src\Tests\Integration\Console.Integration.Tests.ps1:501
[11] at $commandResult.Output | Should -Match 'command|invalid|unknown|not.*recognized' -Because 'Should provide error message for invalid commands', D:\source\GitHub\PlagueHO\genai-database-explorer\src\Tests\Integration\Console.Integration.Tests.ps1:501
at &lt;ScriptBlock&gt;, D:\source\GitHub\PlagueHO\genai-database-explorer\src\Tests\Integration\Console.Integration.Tests.ps1:501
[12] at $commandResult.Output | Should -Match 'command|invalid|unknown|not.*recognized' -Because 'Should provide error message for invalid commands', D:\source\GitHub\PlagueHO\genai-database-explorer\src\Tests\Integration\Console.Integration.Tests.ps1:501
at &lt;ScriptBlock&gt;, D:\source\GitHub\PlagueHO\genai-database-explorer\src\Tests\Integration\Console.Integration.Tests.ps1:501
[13] at $commandResult.Output | Should -Match 'command|invalid|unknown|not.*recognized' -Because 'Should provide error message for invalid commands', D:\source\GitHub\PlagueHO\genai-database-explorer\src\Tests\Integration\Console.Integration.Tests.ps1:501
at &lt;ScriptBlock&gt;, D:\source\GitHub\PlagueHO\genai-database-explorer\src\Tests\Integration\Console.Integration.Tests.ps1:501
[14] at $commandResult.Output | Should -Match 'command|invalid|unknown|not.*recognized' -Because 'Should provide error message for invalid commands', D:\source\GitHub\PlagueHO\genai-database-explorer\src\Tests\Integration\Console.Integration.Tests.ps1:501
at &lt;ScriptBlock&gt;, D:\source\GitHub\PlagueHO\genai-database-explorer\src\Tests\Integration\Console.Integration.Tests.ps1:501
[15] at $commandResult.Output | Should -Match 'command|invalid|unknown|not.*recognized' -Because 'Should provide error message for invalid commands', D:\source\GitHub\PlagueHO\genai-database-explorer\src\Tests\Integration\Console.Integration.Tests.ps1:501
at &lt;ScriptBlock&gt;, D:\source\GitHub\PlagueHO\genai-database-explorer\src\Tests\Integration\Console.Integration.Tests.ps1:501
[16] at $commandResult.Output | Should -Match 'command|invalid|unknown|not.*recognized' -Because 'Should provide error message for invalid commands', D:\source\GitHub\PlagueHO\genai-database-explorer\src\Tests\Integration\Console.Integration.Tests.ps1:501
at &lt;ScriptBlock&gt;, D:\source\GitHub\PlagueHO\genai-database-explorer\src\Tests\Integration\Console.Integration.Tests.ps1:501
[17] at $commandResult.Output | Should -Match 'command|invalid|unknown|not.*recognized' -Because 'Should provide error message for invalid commands', D:\source\GitHub\PlagueHO\genai-database-explorer\src\Tests\Integration\Console.Integration.Tests.ps1:501
at &lt;ScriptBlock&gt;, D:\source\GitHub\PlagueHO\genai-database-explorer\src\Tests\Integration\Console.Integration.Tests.ps1:501
[18] at $commandResult.Output | Should -Match 'command|invalid|unknown|not.*recognized' -Because 'Should provide error message for invalid commands', D:\source\GitHub\PlagueHO\genai-database-explorer\src\Tests\Integration\Console.Integration.Tests.ps1:501
at &lt;ScriptBlock&gt;, D:\source\GitHub\PlagueHO\genai-database-explorer\src\Tests\Integration\Console.Integration.Tests.ps1:501
[19] at $commandResult.Output | Should -Match 'command|invalid|unknown|not.*recognized' -Because 'Should provide error message for invalid commands', D:\source\GitHub\PlagueHO\genai-database-explorer\src\Tests\Integration\Console.Integration.Tests.ps1:501
at &lt;ScriptBlock&gt;, D:\source\GitHub\PlagueHO\genai-database-explorer\src\Tests\Integration\Console.Integration.Tests.ps1:501</stack-trace>
                            </failure>
                          </test-case>
                        </results>
                      </test-suite>
                    </results>
                  </test-suite>
                </results>
              </test-suite>
            </results>
          </test-suite>
        </results>
      </test-suite>
    </results>
  </test-suite>
</test-results>