<?xml version="1.0" encoding="utf-8" standalone="no"?>
<test-results xmlns:xsi="http://www.w3.org/2001/XMLSchema-instance" xsi:noNamespaceSchemaLocation="nunit_schema_2.5.xsd" name="Pester" total="17" errors="0" failures="13" not-run="0" inconclusive="0" ignored="0" skipped="0" invalid="0" date="2025-07-26" time="17:17:54">
  <environment cwd="D:\source\GitHub\PlagueHO\genai-database-explorer" platform="Microsoft Windows 11 Enterprise|C:\Windows|\Device\Harddisk0\Partition3" machine-name="DASCOTTRSL7" os-version="10.0.26100" user="dascottr" clr-version="9.0.6" nunit-version="2.5.8.0" user-domain="SOUTHPACIFIC" />
  <culture-info current-culture="en-NZ" current-uiculture="en-US" />
  <test-suite type="TestFixture" name="Pester" executed="True" result="Failure" success="False" time="68.0354" asserts="0" description="Pester">
    <results>
      <test-suite type="TestFixture" name="D:\source\GitHub\PlagueHO\genai-database-explorer\src\Tests\Integration\Console.Integration.Tests.ps1" executed="True" result="Failure" success="False" time="68.0354" asserts="0" description="D:\source\GitHub\PlagueHO\genai-database-explorer\src\Tests\Integration\Console.Integration.Tests.ps1">
        <results>
          <test-suite type="TestFixture" name="GenAI Database Explorer Console Application" executed="True" result="Failure" success="False" time="67.8534" asserts="0" description="GenAI Database Explorer Console Application">
            <results>
              <test-suite type="TestFixture" name="GenAI Database Explorer Console Application.Project Management Commands" executed="True" result="Success" success="True" time="1.2247" asserts="0" description="GenAI Database Explorer Console Application.Project Management Commands">
                <results>
                  <test-suite type="TestFixture" name="GenAI Database Explorer Console Application.Project Management Commands.init-project command" executed="True" result="Success" success="True" time="1.2173" asserts="0" description="GenAI Database Explorer Console Application.Project Management Commands.init-project command">
                    <results>
                      <test-suite type="TestFixture" name="GenAI Database Explorer Console Application.Project Management Commands.init-project command.When initializing a new project and project path does not exist" executed="True" result="Success" success="True" time="0.4466" asserts="0" description="GenAI Database Explorer Console Application.Project Management Commands.init-project command.When initializing a new project and project path does not exist">
                        <results>
                          <test-case description="Should create proper project structure and settings.json" name="GenAI Database Explorer Console Application.Project Management Commands.init-project command.When initializing a new project and project path does not exist.Should create proper project structure and settings.json" time="0.3862" asserts="0" success="True" result="Success" executed="True" />
                        </results>
                      </test-suite>
                      <test-suite type="TestFixture" name="GenAI Database Explorer Console Application.Project Management Commands.init-project command.When initializing a new project and project path already exists and is empty" executed="True" result="Success" success="True" time="0.8719" asserts="0" description="GenAI Database Explorer Console Application.Project Management Commands.init-project command.When initializing a new project and project path already exists and is empty">
                        <results>
                          <test-case description="Should handle existing directory gracefully" name="GenAI Database Explorer Console Application.Project Management Commands.init-project command.When initializing a new project and project path already exists and is empty.Should handle existing directory gracefully" time="0.3918" asserts="0" success="True" result="Success" executed="True" />
                        </results>
                      </test-suite>
                      <test-suite type="TestFixture" name="GenAI Database Explorer Console Application.Project Management Commands.init-project command.When initializing a new project and project path already exists but is not empty" executed="True" result="Success" success="True" time="1.213" asserts="0" description="GenAI Database Explorer Console Application.Project Management Commands.init-project command.When initializing a new project and project path already exists but is not empty">
                        <results>
                          <test-case description="Should handle non-empty directory appropriately" name="GenAI Database Explorer Console Application.Project Management Commands.init-project command.When initializing a new project and project path already exists but is not empty.Should handle non-empty directory appropriately" time="0.3039" asserts="0" success="True" result="Success" executed="True" />
                        </results>
                      </test-suite>
                    </results>
                  </test-suite>
                </results>
              </test-suite>
              <test-suite type="TestFixture" name="GenAI Database Explorer Console Application.Database Schema Operations" executed="True" result="Failure" success="False" time="33.2401" asserts="0" description="GenAI Database Explorer Console Application.Database Schema Operations">
                <results>
                  <test-suite type="TestFixture" name="GenAI Database Explorer Console Application.Database Schema Operations.extract-model command" executed="True" result="Failure" success="False" time="30.9939" asserts="0" description="GenAI Database Explorer Console Application.Database Schema Operations.extract-model command">
                    <results>
                      <test-suite type="TestFixture" name="GenAI Database Explorer Console Application.Database Schema Operations.extract-model command.When extracting from valid database connection" executed="True" result="Failure" success="False" time="15.4904" asserts="0" description="GenAI Database Explorer Console Application.Database Schema Operations.extract-model command.When extracting from valid database connection">
                        <results>
                          <test-case description="Should create semanticmodel.json with database schema" name="GenAI Database Explorer Console Application.Database Schema Operations.extract-model command.When extracting from valid database connection.Should create semanticmodel.json with database schema" time="15.4844" asserts="0" success="False" result="Failure" executed="True">
                            <failure>
                              <message>[0] Expected path 'C:\Users\dascottr\AppData\Local\Temp\genaidb-integration-test-961065628\projects\database-test\SemanticModel\semanticmodel.json' to exist, because semanticmodel.json should be created, but it did not exist.
[1] Expected a value, because Model should contain database name information, but got $null or empty.
[2] Expected regular expression 'AdventureWorksLT|Adventure' to match $null, because Should connect to AdventureWorksLT or similar sample database, but it did not match.</message>
                              <stack-trace>[0] at $expectedSemanticModelPath | Should -Exist -Because 'semanticmodel.json should be created', D:\source\GitHub\PlagueHO\genai-database-explorer\src\Tests\Integration\Console.Integration.Tests.ps1:240
at &lt;ScriptBlock&gt;, D:\source\GitHub\PlagueHO\genai-database-explorer\src\Tests\Integration\Console.Integration.Tests.ps1:240
[1] at $model.Name | Should -Not -BeNullOrEmpty -Because 'Model should contain database name information', D:\source\GitHub\PlagueHO\genai-database-explorer\src\Tests\Integration\Console.Integration.Tests.ps1:247
at &lt;ScriptBlock&gt;, D:\source\GitHub\PlagueHO\genai-database-explorer\src\Tests\Integration\Console.Integration.Tests.ps1:247
[2] at $model.Name | Should -Match 'AdventureWorksLT|Adventure' -Because 'Should connect to AdventureWorksLT or similar sample database', D:\source\GitHub\PlagueHO\genai-database-explorer\src\Tests\Integration\Console.Integration.Tests.ps1:248
at &lt;ScriptBlock&gt;, D:\source\GitHub\PlagueHO\genai-database-explorer\src\Tests\Integration\Console.Integration.Tests.ps1:248</stack-trace>
                            </failure>
                          </test-case>
                        </results>
                      </test-suite>
                      <test-suite type="TestFixture" name="GenAI Database Explorer Console Application.Database Schema Operations.extract-model command.When extracting with specific options" executed="True" result="Failure" success="False" time="30.9893" asserts="0" description="GenAI Database Explorer Console Application.Database Schema Operations.extract-model command.When extracting with specific options">
                        <results>
                          <test-case description="Should handle skipTables option correctly" name="GenAI Database Explorer Console Application.Database Schema Operations.extract-model command.When extracting with specific options.Should handle skipTables option correctly" time="15.4906" asserts="0" success="False" result="Failure" executed="True">
                            <failure>
                              <message>[0] Expected regular expression 'Exception.*at.*' to not match '17:18:27 fail: GenAIDBExplorer.Core.Data.DatabaseProviders.SqlConnectionProvider[0] Error connecting to database (SQL) Microsoft.Data.SqlClient.SqlException (0x80131904): A network-related or instance-specific error occurred while establishing a connection to SQL Server. The server was not found or was not accessible. Verify that the instance name is correct and that SQL Server is configured to allow remote connections. (provider: Named Pipes Provider, error: 40 - Could not open a connection to SQL Server)  ---&gt; System.ComponentModel.Win32Exception (2): The system cannot find the file specified.    at Microsoft.Data.SqlClient.SqlInternalConnection.OnError(SqlException exception, Boolean breakConnection, Action`1 wrapCloseInAction)    at Microsoft.Data.SqlClient.TdsParser.ThrowExceptionAndWarning(TdsParserStateObject stateObj, SqlCommand command, Boolean callerHasConnectionLock, Boolean asyncClose)    at Microsoft.Data.SqlClient.TdsParser.Connect(ServerInfo serverInfo, SqlInternalConnectionTds connHandler, TimeoutTimer timeout, SqlConnectionString connectionOptions, Boolean withFailover)    at Microsoft.Data.SqlClient.SqlInternalConnectionTds.AttemptOneLogin(ServerInfo serverInfo, String newPassword, SecureString newSecurePassword, TimeoutTimer timeout, Boolean withFailover)    at Microsoft.Data.SqlClient.SqlInternalConnectionTds.LoginNoFailover(ServerInfo serverInfo, String newPassword, SecureString newSecurePassword, Boolean redirectedUserInstance, SqlConnectionString connectionOptions, SqlCredential credential, TimeoutTimer timeout)    at Microsoft.Data.SqlClient.SqlInternalConnectionTds.OpenLoginEnlist(TimeoutTimer timeout, SqlConnectionString connectionOptions, SqlCredential credential, String newPassword, SecureString newSecurePassword, Boolean redirectedUserInstance)    at Microsoft.Data.SqlClient.SqlInternalConnectionTds..ctor(DbConnectionPoolIdentity identity, SqlConnectionString connectionOptions, SqlCredential credential, Object providerInfo, String newPassword, SecureString newSecurePassword, Boolean redirectedUserInstance, SqlConnectionString userConnectionOptions, SessionData reconnectSessionData, Boolean applyTransientFaultHandling, String accessToken, DbConnectionPool pool, Func`3 accessTokenCallback)    at Microsoft.Data.SqlClient.SqlConnectionFactory.CreateConnection(DbConnectionOptions options, DbConnectionPoolKey poolKey, Object poolGroupProviderInfo, DbConnectionPool pool, DbConnection owningConnection, DbConnectionOptions userOptions)    at Microsoft.Data.ProviderBase.DbConnectionFactory.CreatePooledConnection(DbConnectionPool pool, DbConnection owningObject, DbConnectionOptions options, DbConnectionPoolKey poolKey, DbConnectionOptions userOptions)    at Microsoft.Data.ProviderBase.DbConnectionPool.CreateObject(DbConnection owningObject, DbConnectionOptions userOptions, DbConnectionInternal oldConnection)    at Microsoft.Data.ProviderBase.DbConnectionPool.UserCreateRequest(DbConnection owningObject, DbConnectionOptions userOptions, DbConnectionInternal oldConnection)    at Microsoft.Data.ProviderBase.DbConnectionPool.TryGetConnection(DbConnection owningObject, UInt32 waitForMultipleObjectsTimeout, Boolean allowCreate, Boolean onlyOneCheckConnection, DbConnectionOptions userOptions, DbConnectionInternal&amp; connection)    at Microsoft.Data.ProviderBase.DbConnectionPool.WaitForPendingOpen() --- End of stack trace from previous location ---    at GenAIDBExplorer.Core.Data.DatabaseProviders.SqlConnectionProvider.ConnectAsync() in D:\source\GitHub\PlagueHO\genai-database-explorer\src\GenAIDBExplorer\GenAIDBExplorer.Core\Data\DatabaseProviders\SqlConnectionProvider.cs:line 49 ClientConnectionId:00000000-0000-0000-0000-000000000000 Error Number:2,State:0,Class:20', because Should not show stack traces for valid options, but it did match.
[1] Expected regular expression 'Exception.*at.*' to not match '17:18:27 fail: GenAIDBExplorer.Core.SemanticModelProviders.SchemaRepository[0] Error getting tables from database Microsoft.Data.SqlClient.SqlException (0x80131904): A network-related or instance-specific error occurred while establishing a connection to SQL Server. The server was not found or was not accessible. Verify that the instance name is correct and that SQL Server is configured to allow remote connections. (provider: Named Pipes Provider, error: 40 - Could not open a connection to SQL Server)  ---&gt; System.ComponentModel.Win32Exception (2): The system cannot find the file specified.    at Microsoft.Data.SqlClient.SqlInternalConnection.OnError(SqlException exception, Boolean breakConnection, Action`1 wrapCloseInAction)    at Microsoft.Data.SqlClient.TdsParser.ThrowExceptionAndWarning(TdsParserStateObject stateObj, SqlCommand command, Boolean callerHasConnectionLock, Boolean asyncClose)    at Microsoft.Data.SqlClient.TdsParser.Connect(ServerInfo serverInfo, SqlInternalConnectionTds connHandler, TimeoutTimer timeout, SqlConnectionString connectionOptions, Boolean withFailover)    at Microsoft.Data.SqlClient.SqlInternalConnectionTds.AttemptOneLogin(ServerInfo serverInfo, String newPassword, SecureString newSecurePassword, TimeoutTimer timeout, Boolean withFailover)    at Microsoft.Data.SqlClient.SqlInternalConnectionTds.LoginNoFailover(ServerInfo serverInfo, String newPassword, SecureString newSecurePassword, Boolean redirectedUserInstance, SqlConnectionString connectionOptions, SqlCredential credential, TimeoutTimer timeout)    at Microsoft.Data.SqlClient.SqlInternalConnectionTds.OpenLoginEnlist(TimeoutTimer timeout, SqlConnectionString connectionOptions, SqlCredential credential, String newPassword, SecureString newSecurePassword, Boolean redirectedUserInstance)    at Microsoft.Data.SqlClient.SqlInternalConnectionTds..ctor(DbConnectionPoolIdentity identity, SqlConnectionString connectionOptions, SqlCredential credential, Object providerInfo, String newPassword, SecureString newSecurePassword, Boolean redirectedUserInstance, SqlConnectionString userConnectionOptions, SessionData reconnectSessionData, Boolean applyTransientFaultHandling, String accessToken, DbConnectionPool pool, Func`3 accessTokenCallback)    at Microsoft.Data.SqlClient.SqlConnectionFactory.CreateConnection(DbConnectionOptions options, DbConnectionPoolKey poolKey, Object poolGroupProviderInfo, DbConnectionPool pool, DbConnection owningConnection, DbConnectionOptions userOptions)    at Microsoft.Data.ProviderBase.DbConnectionFactory.CreatePooledConnection(DbConnectionPool pool, DbConnection owningObject, DbConnectionOptions options, DbConnectionPoolKey poolKey, DbConnectionOptions userOptions)    at Microsoft.Data.ProviderBase.DbConnectionPool.CreateObject(DbConnection owningObject, DbConnectionOptions userOptions, DbConnectionInternal oldConnection)    at Microsoft.Data.ProviderBase.DbConnectionPool.UserCreateRequest(DbConnection owningObject, DbConnectionOptions userOptions, DbConnectionInternal oldConnection)    at Microsoft.Data.ProviderBase.DbConnectionPool.TryGetConnection(DbConnection owningObject, UInt32 waitForMultipleObjectsTimeout, Boolean allowCreate, Boolean onlyOneCheckConnection, DbConnectionOptions userOptions, DbConnectionInternal&amp; connection)    at Microsoft.Data.ProviderBase.DbConnectionPool.WaitForPendingOpen() --- End of stack trace from previous location ---    at GenAIDBExplorer.Core.Data.DatabaseProviders.SqlConnectionProvider.ConnectAsync() in D:\source\GitHub\PlagueHO\genai-database-explorer\src\GenAIDBExplorer\GenAIDBExplorer.Core\Data\DatabaseProviders\SqlConnectionProvider.cs:line 49    at GenAIDBExplorer.Core.Data.ConnectionManager.DatabaseConnectionManager.GetOpenConnectionAsync() in D:\source\GitHub\PlagueHO\genai-database-explorer\src\GenAIDBExplorer\GenAIDBExplorer.Core\Data\ConnectionManager\DatabaseConnectionManager.cs:line 42    at GenAIDBExplorer.Core.Data.DatabaseProviders.SqlQueryExecutor.ExecuteReaderAsync(String query, Dictionary`2 parameters) in D:\source\GitHub\PlagueHO\genai-database-explorer\src\GenAIDBExplorer\GenAIDBExplorer.Core\Data\DatabaseProviders\SqlQueryExecutor.cs:line 19    at GenAIDBExplorer.Core.SemanticModelProviders.SchemaRepository.GetTablesAsync(String schema) in D:\source\GitHub\PlagueHO\genai-database-explorer\src\GenAIDBExplorer\GenAIDBExplorer.Core\SemanticModelProviders\SchemaRepository.cs:line 50 ClientConnectionId:00000000-0000-0000-0000-000000000000 Error Number:2,State:0,Class:20', because Should not show stack traces for valid options, but it did match.
[2] Expected regular expression 'Exception.*at.*' to not match Unhandled exception: Microsoft.Data.SqlClient.SqlException (0x80131904): A network-related or instance-specific error occurred while establishing a connection to SQL Server. The server was not found or was not accessible. Verify that the instance name is correct and that SQL Server is configured to allow remote connections. (provider: Named Pipes Provider, error: 40 - Could not open a connection to SQL Server), because Should not show stack traces for valid options, but it did match.
[3] Expected regular expression 'Exception.*at.*' to not match    at Microsoft.Data.SqlClient.TdsParser.ThrowExceptionAndWarning(TdsParserStateObject stateObj, SqlCommand command, Boolean callerHasConnectionLock, Boolean asyncClose), because Should not show stack traces for valid options, but it did match.</message>
                              <stack-trace>[0] at $commandResult.Output | Should -Not -Match 'Exception.*at.*' -Because 'Should not show stack traces for valid options', D:\source\GitHub\PlagueHO\genai-database-explorer\src\Tests\Integration\Console.Integration.Tests.ps1:263
at &lt;ScriptBlock&gt;, D:\source\GitHub\PlagueHO\genai-database-explorer\src\Tests\Integration\Console.Integration.Tests.ps1:263
[1] at $commandResult.Output | Should -Not -Match 'Exception.*at.*' -Because 'Should not show stack traces for valid options', D:\source\GitHub\PlagueHO\genai-database-explorer\src\Tests\Integration\Console.Integration.Tests.ps1:263
at &lt;ScriptBlock&gt;, D:\source\GitHub\PlagueHO\genai-database-explorer\src\Tests\Integration\Console.Integration.Tests.ps1:263
[2] at $commandResult.Output | Should -Not -Match 'Exception.*at.*' -Because 'Should not show stack traces for valid options', D:\source\GitHub\PlagueHO\genai-database-explorer\src\Tests\Integration\Console.Integration.Tests.ps1:263
at &lt;ScriptBlock&gt;, D:\source\GitHub\PlagueHO\genai-database-explorer\src\Tests\Integration\Console.Integration.Tests.ps1:263
[3] at $commandResult.Output | Should -Not -Match 'Exception.*at.*' -Because 'Should not show stack traces for valid options', D:\source\GitHub\PlagueHO\genai-database-explorer\src\Tests\Integration\Console.Integration.Tests.ps1:263
at &lt;ScriptBlock&gt;, D:\source\GitHub\PlagueHO\genai-database-explorer\src\Tests\Integration\Console.Integration.Tests.ps1:263</stack-trace>
                            </failure>
                          </test-case>
                        </results>
                      </test-suite>
                    </results>
                  </test-suite>
                  <test-suite type="TestFixture" name="GenAI Database Explorer Console Application.Database Schema Operations.data-dictionary command" executed="True" result="Failure" success="False" time="31.7099" asserts="0" description="GenAI Database Explorer Console Application.Database Schema Operations.data-dictionary command">
                    <results>
                      <test-suite type="TestFixture" name="GenAI Database Explorer Console Application.Database Schema Operations.data-dictionary command.When applying data dictionary files" executed="True" result="Failure" success="False" time="0.3709" asserts="0" description="GenAI Database Explorer Console Application.Database Schema Operations.data-dictionary command.When applying data dictionary files">
                        <results>
                          <test-case description="Should process dictionary files without errors" name="GenAI Database Explorer Console Application.Database Schema Operations.data-dictionary command.When applying data dictionary files.Should process dictionary files without errors" time="0.358" asserts="0" success="False" result="Failure" executed="True">
                            <failure>
                              <message>[0] Expected regular expression 'Exception|Error.*Exception' to not match '17:18:27 fail: GenAIDBExplorer.Core.Repository.LocalDiskPersistenceStrategy[0] Semantic model not found at path 'C:\Users\dascottr\AppData\Local\Temp\genaidb-integration-test-961065628\projects\database-test\SemanticModel' System.IO.FileNotFoundException: The semantic model file was not found. File name: 'C:\Users\dascottr\AppData\Local\Temp\genaidb-integration-test-961065628\projects\database-test\SemanticModel\semanticmodel.json'    at GenAIDBExplorer.Core.Models.SemanticModel.SemanticModel.LoadModelAsync(DirectoryInfo modelPath) in D:\source\GitHub\PlagueHO\genai-database-explorer\src\GenAIDBExplorer\GenAIDBExplorer.Core\Models\SemanticModel\SemanticModel.cs:line 148    at GenAIDBExplorer.Core.Repository.LocalDiskPersistenceStrategy.LoadModelAsync(DirectoryInfo modelPath) in D:\source\GitHub\PlagueHO\genai-database-explorer\src\GenAIDBExplorer\GenAIDBExplorer.Core\Repository\LocalDiskPersistenceStrategy.cs:line 110', because Should not throw unhandled exceptions, but it did match.
[1] Expected regular expression 'Exception|Error.*Exception' to not match '17:18:27 warn: GenAIDBExplorer.Core.SemanticModelProviders.SemanticModelProvider[0] Failed to load semantic model using repository from 'C:\Users\dascottr\AppData\Local\Temp\genaidb-integration-test-961065628\projects\database-test\SemanticModel', falling back to direct loading System.IO.FileNotFoundException: The semantic model file was not found. File name: 'C:\Users\dascottr\AppData\Local\Temp\genaidb-integration-test-961065628\projects\database-test\SemanticModel\semanticmodel.json'    at GenAIDBExplorer.Core.Models.SemanticModel.SemanticModel.LoadModelAsync(DirectoryInfo modelPath) in D:\source\GitHub\PlagueHO\genai-database-explorer\src\GenAIDBExplorer\GenAIDBExplorer.Core\Models\SemanticModel\SemanticModel.cs:line 148    at GenAIDBExplorer.Core.Repository.LocalDiskPersistenceStrategy.LoadModelAsync(DirectoryInfo modelPath) in D:\source\GitHub\PlagueHO\genai-database-explorer\src\GenAIDBExplorer\GenAIDBExplorer.Core\Repository\LocalDiskPersistenceStrategy.cs:line 110    at GenAIDBExplorer.Core.Repository.SemanticModelRepository.&lt;&gt;c__DisplayClass11_1.&lt;&lt;LoadModelAsync&gt;b__0&gt;d.MoveNext() in D:\source\GitHub\PlagueHO\genai-database-explorer\src\GenAIDBExplorer\GenAIDBExplorer.Core\Repository\SemanticModelRepository.cs:line 124 --- End of stack trace from previous location ---    at GenAIDBExplorer.Core.Repository.SemanticModelRepository.ExecuteWithConcurrencyProtectionAsync[T](String path, Func`1 operation) in D:\source\GitHub\PlagueHO\genai-database-explorer\src\GenAIDBExplorer\GenAIDBExplorer.Core\Repository\SemanticModelRepository.cs:line 333    at GenAIDBExplorer.Core.Repository.SemanticModelRepository.LoadModelAsync(DirectoryInfo modelPath, SemanticModelRepositoryOptions options) in D:\source\GitHub\PlagueHO\genai-database-explorer\src\GenAIDBExplorer\GenAIDBExplorer.Core\Repository\SemanticModelRepository.cs:line 77    at GenAIDBExplorer.Core.SemanticModelProviders.SemanticModelProvider.LoadSemanticModelFromLocalDiskAsync() in D:\source\GitHub\PlagueHO\genai-database-explorer\src\GenAIDBExplorer\GenAIDBExplorer.Core\SemanticModelProviders\SemanticModelProvider.cs:line 110', because Should not throw unhandled exceptions, but it did match.
[2] Expected regular expression 'Exception|Error.*Exception' to not match Unhandled exception: System.IO.FileNotFoundException: The semantic model file was not found., because Should not throw unhandled exceptions, but it did match.</message>
                              <stack-trace>[0] at $commandResult.Output | Should -Not -Match 'Exception|Error.*Exception' -Because 'Should not throw unhandled exceptions', D:\source\GitHub\PlagueHO\genai-database-explorer\src\Tests\Integration\Console.Integration.Tests.ps1:283
at &lt;ScriptBlock&gt;, D:\source\GitHub\PlagueHO\genai-database-explorer\src\Tests\Integration\Console.Integration.Tests.ps1:283
[1] at $commandResult.Output | Should -Not -Match 'Exception|Error.*Exception' -Because 'Should not throw unhandled exceptions', D:\source\GitHub\PlagueHO\genai-database-explorer\src\Tests\Integration\Console.Integration.Tests.ps1:283
at &lt;ScriptBlock&gt;, D:\source\GitHub\PlagueHO\genai-database-explorer\src\Tests\Integration\Console.Integration.Tests.ps1:283
[2] at $commandResult.Output | Should -Not -Match 'Exception|Error.*Exception' -Because 'Should not throw unhandled exceptions', D:\source\GitHub\PlagueHO\genai-database-explorer\src\Tests\Integration\Console.Integration.Tests.ps1:283
at &lt;ScriptBlock&gt;, D:\source\GitHub\PlagueHO\genai-database-explorer\src\Tests\Integration\Console.Integration.Tests.ps1:283</stack-trace>
                            </failure>
                          </test-case>
                        </results>
                      </test-suite>
                      <test-suite type="TestFixture" name="GenAI Database Explorer Console Application.Database Schema Operations.data-dictionary command.When showing applied dictionaries" executed="True" result="Failure" success="False" time="0.7122" asserts="0" description="GenAI Database Explorer Console Application.Database Schema Operations.data-dictionary command.When showing applied dictionaries">
                        <results>
                          <test-case description="Should display dictionary information with --show option" name="GenAI Database Explorer Console Application.Database Schema Operations.data-dictionary command.When showing applied dictionaries.Should display dictionary information with --show option" time="0.3265" asserts="0" success="False" result="Failure" executed="True">
                            <failure>
                              <message>[0] Expected regular expression 'Exception.*at.*' to not match '17:18:28 fail: GenAIDBExplorer.Core.Repository.LocalDiskPersistenceStrategy[0] Semantic model not found at path 'C:\Users\dascottr\AppData\Local\Temp\genaidb-integration-test-961065628\projects\database-test\SemanticModel' System.IO.FileNotFoundException: The semantic model file was not found. File name: 'C:\Users\dascottr\AppData\Local\Temp\genaidb-integration-test-961065628\projects\database-test\SemanticModel\semanticmodel.json'    at GenAIDBExplorer.Core.Models.SemanticModel.SemanticModel.LoadModelAsync(DirectoryInfo modelPath) in D:\source\GitHub\PlagueHO\genai-database-explorer\src\GenAIDBExplorer\GenAIDBExplorer.Core\Models\SemanticModel\SemanticModel.cs:line 148    at GenAIDBExplorer.Core.Repository.LocalDiskPersistenceStrategy.LoadModelAsync(DirectoryInfo modelPath) in D:\source\GitHub\PlagueHO\genai-database-explorer\src\GenAIDBExplorer\GenAIDBExplorer.Core\Repository\LocalDiskPersistenceStrategy.cs:line 110', because Should not show stack traces, but it did match.
[1] Expected regular expression 'Exception.*at.*' to not match '17:18:28 warn: GenAIDBExplorer.Core.SemanticModelProviders.SemanticModelProvider[0] Failed to load semantic model using repository from 'C:\Users\dascottr\AppData\Local\Temp\genaidb-integration-test-961065628\projects\database-test\SemanticModel', falling back to direct loading System.IO.FileNotFoundException: The semantic model file was not found. File name: 'C:\Users\dascottr\AppData\Local\Temp\genaidb-integration-test-961065628\projects\database-test\SemanticModel\semanticmodel.json'    at GenAIDBExplorer.Core.Models.SemanticModel.SemanticModel.LoadModelAsync(DirectoryInfo modelPath) in D:\source\GitHub\PlagueHO\genai-database-explorer\src\GenAIDBExplorer\GenAIDBExplorer.Core\Models\SemanticModel\SemanticModel.cs:line 148    at GenAIDBExplorer.Core.Repository.LocalDiskPersistenceStrategy.LoadModelAsync(DirectoryInfo modelPath) in D:\source\GitHub\PlagueHO\genai-database-explorer\src\GenAIDBExplorer\GenAIDBExplorer.Core\Repository\LocalDiskPersistenceStrategy.cs:line 110    at GenAIDBExplorer.Core.Repository.SemanticModelRepository.&lt;&gt;c__DisplayClass11_1.&lt;&lt;LoadModelAsync&gt;b__0&gt;d.MoveNext() in D:\source\GitHub\PlagueHO\genai-database-explorer\src\GenAIDBExplorer\GenAIDBExplorer.Core\Repository\SemanticModelRepository.cs:line 124 --- End of stack trace from previous location ---    at GenAIDBExplorer.Core.Repository.SemanticModelRepository.ExecuteWithConcurrencyProtectionAsync[T](String path, Func`1 operation) in D:\source\GitHub\PlagueHO\genai-database-explorer\src\GenAIDBExplorer\GenAIDBExplorer.Core\Repository\SemanticModelRepository.cs:line 333    at GenAIDBExplorer.Core.Repository.SemanticModelRepository.LoadModelAsync(DirectoryInfo modelPath, SemanticModelRepositoryOptions options) in D:\source\GitHub\PlagueHO\genai-database-explorer\src\GenAIDBExplorer\GenAIDBExplorer.Core\Repository\SemanticModelRepository.cs:line 77    at GenAIDBExplorer.Core.SemanticModelProviders.SemanticModelProvider.LoadSemanticModelFromLocalDiskAsync() in D:\source\GitHub\PlagueHO\genai-database-explorer\src\GenAIDBExplorer\GenAIDBExplorer.Core\SemanticModelProviders\SemanticModelProvider.cs:line 110', because Should not show stack traces, but it did match.</message>
                              <stack-trace>[0] at $commandResult.Output | Should -Not -Match 'Exception.*at.*' -Because 'Should not show stack traces', D:\source\GitHub\PlagueHO\genai-database-explorer\src\Tests\Integration\Console.Integration.Tests.ps1:300
at &lt;ScriptBlock&gt;, D:\source\GitHub\PlagueHO\genai-database-explorer\src\Tests\Integration\Console.Integration.Tests.ps1:300
[1] at $commandResult.Output | Should -Not -Match 'Exception.*at.*' -Because 'Should not show stack traces', D:\source\GitHub\PlagueHO\genai-database-explorer\src\Tests\Integration\Console.Integration.Tests.ps1:300
at &lt;ScriptBlock&gt;, D:\source\GitHub\PlagueHO\genai-database-explorer\src\Tests\Integration\Console.Integration.Tests.ps1:300</stack-trace>
                            </failure>
                          </test-case>
                        </results>
                      </test-suite>
                    </results>
                  </test-suite>
                </results>
              </test-suite>
              <test-suite type="TestFixture" name="GenAI Database Explorer Console Application.AI Operations" executed="True" result="Failure" success="False" time="49.6344" asserts="0" description="GenAI Database Explorer Console Application.AI Operations">
                <results>
                  <test-suite type="TestFixture" name="GenAI Database Explorer Console Application.AI Operations.enrich-model command" executed="True" result="Failure" success="False" time="0.688" asserts="0" description="GenAI Database Explorer Console Application.AI Operations.enrich-model command">
                    <results>
                      <test-suite type="TestFixture" name="GenAI Database Explorer Console Application.AI Operations.enrich-model command.When enriching with AI services available" executed="True" result="Failure" success="False" time="0.3416" asserts="0" description="GenAI Database Explorer Console Application.AI Operations.enrich-model command.When enriching with AI services available">
                        <results>
                          <test-case description="Should enhance semantic model with AI-generated descriptions" name="GenAI Database Explorer Console Application.AI Operations.enrich-model command.When enriching with AI services available.Should enhance semantic model with AI-generated descriptions" time="0.3356" asserts="0" success="False" result="Failure" executed="True">
                            <failure>
                              <message>[0] Expected regular expression 'Exception.*at.*' to not match '17:18:44 fail: GenAIDBExplorer.Core.Repository.LocalDiskPersistenceStrategy[0] Semantic model not found at path 'C:\Users\dascottr\AppData\Local\Temp\genaidb-integration-test-961065628\projects\ai-test\SemanticModel' System.IO.FileNotFoundException: The semantic model file was not found. File name: 'C:\Users\dascottr\AppData\Local\Temp\genaidb-integration-test-961065628\projects\ai-test\SemanticModel\semanticmodel.json'    at GenAIDBExplorer.Core.Models.SemanticModel.SemanticModel.LoadModelAsync(DirectoryInfo modelPath) in D:\source\GitHub\PlagueHO\genai-database-explorer\src\GenAIDBExplorer\GenAIDBExplorer.Core\Models\SemanticModel\SemanticModel.cs:line 148    at GenAIDBExplorer.Core.Repository.LocalDiskPersistenceStrategy.LoadModelAsync(DirectoryInfo modelPath) in D:\source\GitHub\PlagueHO\genai-database-explorer\src\GenAIDBExplorer\GenAIDBExplorer.Core\Repository\LocalDiskPersistenceStrategy.cs:line 110', because Successful execution should not show stack traces, but it did match.
[1] Expected regular expression 'Exception.*at.*' to not match '17:18:44 warn: GenAIDBExplorer.Core.SemanticModelProviders.SemanticModelProvider[0] Failed to load semantic model using repository from 'C:\Users\dascottr\AppData\Local\Temp\genaidb-integration-test-961065628\projects\ai-test\SemanticModel', falling back to direct loading System.IO.FileNotFoundException: The semantic model file was not found. File name: 'C:\Users\dascottr\AppData\Local\Temp\genaidb-integration-test-961065628\projects\ai-test\SemanticModel\semanticmodel.json'    at GenAIDBExplorer.Core.Models.SemanticModel.SemanticModel.LoadModelAsync(DirectoryInfo modelPath) in D:\source\GitHub\PlagueHO\genai-database-explorer\src\GenAIDBExplorer\GenAIDBExplorer.Core\Models\SemanticModel\SemanticModel.cs:line 148    at GenAIDBExplorer.Core.Repository.LocalDiskPersistenceStrategy.LoadModelAsync(DirectoryInfo modelPath) in D:\source\GitHub\PlagueHO\genai-database-explorer\src\GenAIDBExplorer\GenAIDBExplorer.Core\Repository\LocalDiskPersistenceStrategy.cs:line 110    at GenAIDBExplorer.Core.Repository.SemanticModelRepository.&lt;&gt;c__DisplayClass11_1.&lt;&lt;LoadModelAsync&gt;b__0&gt;d.MoveNext() in D:\source\GitHub\PlagueHO\genai-database-explorer\src\GenAIDBExplorer\GenAIDBExplorer.Core\Repository\SemanticModelRepository.cs:line 124 --- End of stack trace from previous location ---    at GenAIDBExplorer.Core.Repository.SemanticModelRepository.ExecuteWithConcurrencyProtectionAsync[T](String path, Func`1 operation) in D:\source\GitHub\PlagueHO\genai-database-explorer\src\GenAIDBExplorer\GenAIDBExplorer.Core\Repository\SemanticModelRepository.cs:line 333    at GenAIDBExplorer.Core.Repository.SemanticModelRepository.LoadModelAsync(DirectoryInfo modelPath, SemanticModelRepositoryOptions options) in D:\source\GitHub\PlagueHO\genai-database-explorer\src\GenAIDBExplorer\GenAIDBExplorer.Core\Repository\SemanticModelRepository.cs:line 77    at GenAIDBExplorer.Core.SemanticModelProviders.SemanticModelProvider.LoadSemanticModelFromLocalDiskAsync() in D:\source\GitHub\PlagueHO\genai-database-explorer\src\GenAIDBExplorer\GenAIDBExplorer.Core\SemanticModelProviders\SemanticModelProvider.cs:line 110', because Successful execution should not show stack traces, but it did match.</message>
                              <stack-trace>[0] at $commandResult.Output | Should -Not -Match 'Exception.*at.*' -Because 'Successful execution should not show stack traces', D:\source\GitHub\PlagueHO\genai-database-explorer\src\Tests\Integration\Console.Integration.Tests.ps1:350
at &lt;ScriptBlock&gt;, D:\source\GitHub\PlagueHO\genai-database-explorer\src\Tests\Integration\Console.Integration.Tests.ps1:350
[1] at $commandResult.Output | Should -Not -Match 'Exception.*at.*' -Because 'Successful execution should not show stack traces', D:\source\GitHub\PlagueHO\genai-database-explorer\src\Tests\Integration\Console.Integration.Tests.ps1:350
at &lt;ScriptBlock&gt;, D:\source\GitHub\PlagueHO\genai-database-explorer\src\Tests\Integration\Console.Integration.Tests.ps1:350</stack-trace>
                            </failure>
                          </test-case>
                        </results>
                      </test-suite>
                      <test-suite type="TestFixture" name="GenAI Database Explorer Console Application.AI Operations.enrich-model command.When enriching specific objects" executed="True" result="Failure" success="False" time="0.6822" asserts="0" description="GenAI Database Explorer Console Application.AI Operations.enrich-model command.When enriching specific objects">
                        <results>
                          <test-case description="Should handle enrichment with object name filters" name="GenAI Database Explorer Console Application.AI Operations.enrich-model command.When enriching specific objects.Should handle enrichment with object name filters" time="0.3364" asserts="0" success="False" result="Failure" executed="True">
                            <failure>
                              <message>[0] Expected regular expression 'Exception.*at.*' to not match '17:18:44 fail: GenAIDBExplorer.Core.Repository.LocalDiskPersistenceStrategy[0] Semantic model not found at path 'C:\Users\dascottr\AppData\Local\Temp\genaidb-integration-test-961065628\projects\ai-test\SemanticModel' System.IO.FileNotFoundException: The semantic model file was not found. File name: 'C:\Users\dascottr\AppData\Local\Temp\genaidb-integration-test-961065628\projects\ai-test\SemanticModel\semanticmodel.json'    at GenAIDBExplorer.Core.Models.SemanticModel.SemanticModel.LoadModelAsync(DirectoryInfo modelPath) in D:\source\GitHub\PlagueHO\genai-database-explorer\src\GenAIDBExplorer\GenAIDBExplorer.Core\Models\SemanticModel\SemanticModel.cs:line 148    at GenAIDBExplorer.Core.Repository.LocalDiskPersistenceStrategy.LoadModelAsync(DirectoryInfo modelPath) in D:\source\GitHub\PlagueHO\genai-database-explorer\src\GenAIDBExplorer\GenAIDBExplorer.Core\Repository\LocalDiskPersistenceStrategy.cs:line 110', because Should not show stack traces, but it did match.
[1] Expected regular expression 'Exception.*at.*' to not match '17:18:44 warn: GenAIDBExplorer.Core.SemanticModelProviders.SemanticModelProvider[0] Failed to load semantic model using repository from 'C:\Users\dascottr\AppData\Local\Temp\genaidb-integration-test-961065628\projects\ai-test\SemanticModel', falling back to direct loading System.IO.FileNotFoundException: The semantic model file was not found. File name: 'C:\Users\dascottr\AppData\Local\Temp\genaidb-integration-test-961065628\projects\ai-test\SemanticModel\semanticmodel.json'    at GenAIDBExplorer.Core.Models.SemanticModel.SemanticModel.LoadModelAsync(DirectoryInfo modelPath) in D:\source\GitHub\PlagueHO\genai-database-explorer\src\GenAIDBExplorer\GenAIDBExplorer.Core\Models\SemanticModel\SemanticModel.cs:line 148    at GenAIDBExplorer.Core.Repository.LocalDiskPersistenceStrategy.LoadModelAsync(DirectoryInfo modelPath) in D:\source\GitHub\PlagueHO\genai-database-explorer\src\GenAIDBExplorer\GenAIDBExplorer.Core\Repository\LocalDiskPersistenceStrategy.cs:line 110    at GenAIDBExplorer.Core.Repository.SemanticModelRepository.&lt;&gt;c__DisplayClass11_1.&lt;&lt;LoadModelAsync&gt;b__0&gt;d.MoveNext() in D:\source\GitHub\PlagueHO\genai-database-explorer\src\GenAIDBExplorer\GenAIDBExplorer.Core\Repository\SemanticModelRepository.cs:line 124 --- End of stack trace from previous location ---    at GenAIDBExplorer.Core.Repository.SemanticModelRepository.ExecuteWithConcurrencyProtectionAsync[T](String path, Func`1 operation) in D:\source\GitHub\PlagueHO\genai-database-explorer\src\GenAIDBExplorer\GenAIDBExplorer.Core\Repository\SemanticModelRepository.cs:line 333    at GenAIDBExplorer.Core.Repository.SemanticModelRepository.LoadModelAsync(DirectoryInfo modelPath, SemanticModelRepositoryOptions options) in D:\source\GitHub\PlagueHO\genai-database-explorer\src\GenAIDBExplorer\GenAIDBExplorer.Core\Repository\SemanticModelRepository.cs:line 77    at GenAIDBExplorer.Core.SemanticModelProviders.SemanticModelProvider.LoadSemanticModelFromLocalDiskAsync() in D:\source\GitHub\PlagueHO\genai-database-explorer\src\GenAIDBExplorer\GenAIDBExplorer.Core\SemanticModelProviders\SemanticModelProvider.cs:line 110', because Should not show stack traces, but it did match.</message>
                              <stack-trace>[0] at $commandResult.Output | Should -Not -Match 'Exception.*at.*' -Because 'Should not show stack traces', D:\source\GitHub\PlagueHO\genai-database-explorer\src\Tests\Integration\Console.Integration.Tests.ps1:364
at &lt;ScriptBlock&gt;, D:\source\GitHub\PlagueHO\genai-database-explorer\src\Tests\Integration\Console.Integration.Tests.ps1:364
[1] at $commandResult.Output | Should -Not -Match 'Exception.*at.*' -Because 'Should not show stack traces', D:\source\GitHub\PlagueHO\genai-database-explorer\src\Tests\Integration\Console.Integration.Tests.ps1:364
at &lt;ScriptBlock&gt;, D:\source\GitHub\PlagueHO\genai-database-explorer\src\Tests\Integration\Console.Integration.Tests.ps1:364</stack-trace>
                            </failure>
                          </test-case>
                        </results>
                      </test-suite>
                    </results>
                  </test-suite>
                </results>
              </test-suite>
              <test-suite type="TestFixture" name="GenAI Database Explorer Console Application.Model Display and Export Operations" executed="True" result="Failure" success="False" time="67.1306" asserts="0" description="GenAI Database Explorer Console Application.Model Display and Export Operations">
                <results>
                  <test-suite type="TestFixture" name="GenAI Database Explorer Console Application.Model Display and Export Operations.show-object command" executed="True" result="Failure" success="False" time="0.581" asserts="0" description="GenAI Database Explorer Console Application.Model Display and Export Operations.show-object command">
                    <results>
                      <test-suite type="TestFixture" name="GenAI Database Explorer Console Application.Model Display and Export Operations.show-object command.When displaying table information" executed="True" result="Success" success="True" time="0.2548" asserts="0" description="GenAI Database Explorer Console Application.Model Display and Export Operations.show-object command.When displaying table information">
                        <results>
                          <test-case description="Should show table details or handle missing tables gracefully" name="GenAI Database Explorer Console Application.Model Display and Export Operations.show-object command.When displaying table information.Should show table details or handle missing tables gracefully" time="0.2487" asserts="0" success="True" result="Success" executed="True" />
                        </results>
                      </test-suite>
                      <test-suite type="TestFixture" name="GenAI Database Explorer Console Application.Model Display and Export Operations.show-object command.When displaying specific object by name" executed="True" result="Failure" success="False" time="0.5759" asserts="0" description="GenAI Database Explorer Console Application.Model Display and Export Operations.show-object command.When displaying specific object by name">
                        <results>
                          <test-case description="Should show specific table details when name is provided" name="GenAI Database Explorer Console Application.Model Display and Export Operations.show-object command.When displaying specific object by name.Should show specific table details when name is provided" time="0.3136" asserts="0" success="False" result="Failure" executed="True">
                            <failure>
                              <message>[0] Expected regular expression 'Exception.*at.*' to not match '17:19:00 fail: GenAIDBExplorer.Core.Repository.LocalDiskPersistenceStrategy[0] Semantic model not found at path 'C:\Users\dascottr\AppData\Local\Temp\genaidb-integration-test-961065628\projects\display-test\SemanticModel' System.IO.FileNotFoundException: The semantic model file was not found. File name: 'C:\Users\dascottr\AppData\Local\Temp\genaidb-integration-test-961065628\projects\display-test\SemanticModel\semanticmodel.json'    at GenAIDBExplorer.Core.Models.SemanticModel.SemanticModel.LoadModelAsync(DirectoryInfo modelPath) in D:\source\GitHub\PlagueHO\genai-database-explorer\src\GenAIDBExplorer\GenAIDBExplorer.Core\Models\SemanticModel\SemanticModel.cs:line 148    at GenAIDBExplorer.Core.Repository.LocalDiskPersistenceStrategy.LoadModelAsync(DirectoryInfo modelPath) in D:\source\GitHub\PlagueHO\genai-database-explorer\src\GenAIDBExplorer\GenAIDBExplorer.Core\Repository\LocalDiskPersistenceStrategy.cs:line 110', because Should not show stack traces, but it did match.
[1] Expected regular expression 'Exception.*at.*' to not match '17:19:00 warn: GenAIDBExplorer.Core.SemanticModelProviders.SemanticModelProvider[0] Failed to load semantic model using repository from 'C:\Users\dascottr\AppData\Local\Temp\genaidb-integration-test-961065628\projects\display-test\SemanticModel', falling back to direct loading System.IO.FileNotFoundException: The semantic model file was not found. File name: 'C:\Users\dascottr\AppData\Local\Temp\genaidb-integration-test-961065628\projects\display-test\SemanticModel\semanticmodel.json'    at GenAIDBExplorer.Core.Models.SemanticModel.SemanticModel.LoadModelAsync(DirectoryInfo modelPath) in D:\source\GitHub\PlagueHO\genai-database-explorer\src\GenAIDBExplorer\GenAIDBExplorer.Core\Models\SemanticModel\SemanticModel.cs:line 148    at GenAIDBExplorer.Core.Repository.LocalDiskPersistenceStrategy.LoadModelAsync(DirectoryInfo modelPath) in D:\source\GitHub\PlagueHO\genai-database-explorer\src\GenAIDBExplorer\GenAIDBExplorer.Core\Repository\LocalDiskPersistenceStrategy.cs:line 110    at GenAIDBExplorer.Core.Repository.SemanticModelRepository.&lt;&gt;c__DisplayClass11_1.&lt;&lt;LoadModelAsync&gt;b__0&gt;d.MoveNext() in D:\source\GitHub\PlagueHO\genai-database-explorer\src\GenAIDBExplorer\GenAIDBExplorer.Core\Repository\SemanticModelRepository.cs:line 124 --- End of stack trace from previous location ---    at GenAIDBExplorer.Core.Repository.SemanticModelRepository.ExecuteWithConcurrencyProtectionAsync[T](String path, Func`1 operation) in D:\source\GitHub\PlagueHO\genai-database-explorer\src\GenAIDBExplorer\GenAIDBExplorer.Core\Repository\SemanticModelRepository.cs:line 333    at GenAIDBExplorer.Core.Repository.SemanticModelRepository.LoadModelAsync(DirectoryInfo modelPath, SemanticModelRepositoryOptions options) in D:\source\GitHub\PlagueHO\genai-database-explorer\src\GenAIDBExplorer\GenAIDBExplorer.Core\Repository\SemanticModelRepository.cs:line 77    at GenAIDBExplorer.Core.SemanticModelProviders.SemanticModelProvider.LoadSemanticModelFromLocalDiskAsync() in D:\source\GitHub\PlagueHO\genai-database-explorer\src\GenAIDBExplorer\GenAIDBExplorer.Core\SemanticModelProviders\SemanticModelProvider.cs:line 110', because Should not show stack traces, but it did match.</message>
                              <stack-trace>[0] at $commandResult.Output | Should -Not -Match 'Exception.*at.*' -Because 'Should not show stack traces', D:\source\GitHub\PlagueHO\genai-database-explorer\src\Tests\Integration\Console.Integration.Tests.ps1:410
at &lt;ScriptBlock&gt;, D:\source\GitHub\PlagueHO\genai-database-explorer\src\Tests\Integration\Console.Integration.Tests.ps1:410
[1] at $commandResult.Output | Should -Not -Match 'Exception.*at.*' -Because 'Should not show stack traces', D:\source\GitHub\PlagueHO\genai-database-explorer\src\Tests\Integration\Console.Integration.Tests.ps1:410
at &lt;ScriptBlock&gt;, D:\source\GitHub\PlagueHO\genai-database-explorer\src\Tests\Integration\Console.Integration.Tests.ps1:410</stack-trace>
                            </failure>
                          </test-case>
                        </results>
                      </test-suite>
                    </results>
                  </test-suite>
                  <test-suite type="TestFixture" name="GenAI Database Explorer Console Application.Model Display and Export Operations.query-model command" executed="True" result="Failure" success="False" time="1.2198" asserts="0" description="GenAI Database Explorer Console Application.Model Display and Export Operations.query-model command">
                    <results>
                      <test-suite type="TestFixture" name="GenAI Database Explorer Console Application.Model Display and Export Operations.query-model command.When accessing query interface" executed="True" result="Failure" success="False" time="0.2804" asserts="0" description="GenAI Database Explorer Console Application.Model Display and Export Operations.query-model command.When accessing query interface">
                        <results>
                          <test-case description="Should display help or handle query command gracefully" name="GenAI Database Explorer Console Application.Model Display and Export Operations.query-model command.When accessing query interface.Should display help or handle query command gracefully" time="0.2734" asserts="0" success="False" result="Failure" executed="True">
                            <failure>
                              <message>[0] Expected regular expression 'Description.*Usage.*Options' to match 'Description:', because Help should display usage information, but it did not match.
[1] Expected regular expression 'Description.*Usage.*Options' to match '  Answer questions based on the semantic model by using Generative AI.', because Help should display usage information, but it did not match.
[2] Expected regular expression 'Description.*Usage.*Options' to match &lt;empty&gt;, because Help should display usage information, but it did not match.
[3] Expected regular expression 'Description.*Usage.*Options' to match 'Usage:', because Help should display usage information, but it did not match.
[4] Expected regular expression 'Description.*Usage.*Options' to match '  GenAIDBExplorer.Console query-model [options]', because Help should display usage information, but it did not match.
[5] Expected regular expression 'Description.*Usage.*Options' to match &lt;empty&gt;, because Help should display usage information, but it did not match.
[6] Expected regular expression 'Description.*Usage.*Options' to match 'Options:', because Help should display usage information, but it did not match.
[7] Expected regular expression 'Description.*Usage.*Options' to match '  -p, --project (REQUIRED)  The path to the GenAI Database Explorer project.', because Help should display usage information, but it did not match.
[8] Expected regular expression 'Description.*Usage.*Options' to match '  -?, -h, --help            Show help and usage information', because Help should display usage information, but it did not match.
[9] Expected regular expression 'Description.*Usage.*Options' to match &lt;empty&gt;, because Help should display usage information, but it did not match.</message>
                              <stack-trace>[0] at $commandResult.Output | Should -Match 'Description.*Usage.*Options' -Because 'Help should display usage information', D:\source\GitHub\PlagueHO\genai-database-explorer\src\Tests\Integration\Console.Integration.Tests.ps1:425
at &lt;ScriptBlock&gt;, D:\source\GitHub\PlagueHO\genai-database-explorer\src\Tests\Integration\Console.Integration.Tests.ps1:425
[1] at $commandResult.Output | Should -Match 'Description.*Usage.*Options' -Because 'Help should display usage information', D:\source\GitHub\PlagueHO\genai-database-explorer\src\Tests\Integration\Console.Integration.Tests.ps1:425
at &lt;ScriptBlock&gt;, D:\source\GitHub\PlagueHO\genai-database-explorer\src\Tests\Integration\Console.Integration.Tests.ps1:425
[2] at $commandResult.Output | Should -Match 'Description.*Usage.*Options' -Because 'Help should display usage information', D:\source\GitHub\PlagueHO\genai-database-explorer\src\Tests\Integration\Console.Integration.Tests.ps1:425
at &lt;ScriptBlock&gt;, D:\source\GitHub\PlagueHO\genai-database-explorer\src\Tests\Integration\Console.Integration.Tests.ps1:425
[3] at $commandResult.Output | Should -Match 'Description.*Usage.*Options' -Because 'Help should display usage information', D:\source\GitHub\PlagueHO\genai-database-explorer\src\Tests\Integration\Console.Integration.Tests.ps1:425
at &lt;ScriptBlock&gt;, D:\source\GitHub\PlagueHO\genai-database-explorer\src\Tests\Integration\Console.Integration.Tests.ps1:425
[4] at $commandResult.Output | Should -Match 'Description.*Usage.*Options' -Because 'Help should display usage information', D:\source\GitHub\PlagueHO\genai-database-explorer\src\Tests\Integration\Console.Integration.Tests.ps1:425
at &lt;ScriptBlock&gt;, D:\source\GitHub\PlagueHO\genai-database-explorer\src\Tests\Integration\Console.Integration.Tests.ps1:425
[5] at $commandResult.Output | Should -Match 'Description.*Usage.*Options' -Because 'Help should display usage information', D:\source\GitHub\PlagueHO\genai-database-explorer\src\Tests\Integration\Console.Integration.Tests.ps1:425
at &lt;ScriptBlock&gt;, D:\source\GitHub\PlagueHO\genai-database-explorer\src\Tests\Integration\Console.Integration.Tests.ps1:425
[6] at $commandResult.Output | Should -Match 'Description.*Usage.*Options' -Because 'Help should display usage information', D:\source\GitHub\PlagueHO\genai-database-explorer\src\Tests\Integration\Console.Integration.Tests.ps1:425
at &lt;ScriptBlock&gt;, D:\source\GitHub\PlagueHO\genai-database-explorer\src\Tests\Integration\Console.Integration.Tests.ps1:425
[7] at $commandResult.Output | Should -Match 'Description.*Usage.*Options' -Because 'Help should display usage information', D:\source\GitHub\PlagueHO\genai-database-explorer\src\Tests\Integration\Console.Integration.Tests.ps1:425
at &lt;ScriptBlock&gt;, D:\source\GitHub\PlagueHO\genai-database-explorer\src\Tests\Integration\Console.Integration.Tests.ps1:425
[8] at $commandResult.Output | Should -Match 'Description.*Usage.*Options' -Because 'Help should display usage information', D:\source\GitHub\PlagueHO\genai-database-explorer\src\Tests\Integration\Console.Integration.Tests.ps1:425
at &lt;ScriptBlock&gt;, D:\source\GitHub\PlagueHO\genai-database-explorer\src\Tests\Integration\Console.Integration.Tests.ps1:425
[9] at $commandResult.Output | Should -Match 'Description.*Usage.*Options' -Because 'Help should display usage information', D:\source\GitHub\PlagueHO\genai-database-explorer\src\Tests\Integration\Console.Integration.Tests.ps1:425
at &lt;ScriptBlock&gt;, D:\source\GitHub\PlagueHO\genai-database-explorer\src\Tests\Integration\Console.Integration.Tests.ps1:425</stack-trace>
                            </failure>
                          </test-case>
                        </results>
                      </test-suite>
                      <test-suite type="TestFixture" name="GenAI Database Explorer Console Application.Model Display and Export Operations.query-model command.When testing query functionality" executed="True" result="Failure" success="False" time="0.6324" asserts="0" description="GenAI Database Explorer Console Application.Model Display and Export Operations.query-model command.When testing query functionality">
                        <results>
                          <test-case description="Should handle basic query operations" name="GenAI Database Explorer Console Application.Model Display and Export Operations.query-model command.When testing query functionality.Should handle basic query operations" time="0.3454" asserts="0" success="False" result="Failure" executed="True">
                            <failure>
                              <message>[0] Expected regular expression 'Exception.*at.*' to not match '17:19:01 fail: GenAIDBExplorer.Core.Repository.LocalDiskPersistenceStrategy[0] Semantic model not found at path 'C:\Users\dascottr\AppData\Local\Temp\genaidb-integration-test-961065628\projects\ai-test\SemanticModel' System.IO.FileNotFoundException: The semantic model file was not found. File name: 'C:\Users\dascottr\AppData\Local\Temp\genaidb-integration-test-961065628\projects\ai-test\SemanticModel\semanticmodel.json'    at GenAIDBExplorer.Core.Models.SemanticModel.SemanticModel.LoadModelAsync(DirectoryInfo modelPath) in D:\source\GitHub\PlagueHO\genai-database-explorer\src\GenAIDBExplorer\GenAIDBExplorer.Core\Models\SemanticModel\SemanticModel.cs:line 148    at GenAIDBExplorer.Core.Repository.LocalDiskPersistenceStrategy.LoadModelAsync(DirectoryInfo modelPath) in D:\source\GitHub\PlagueHO\genai-database-explorer\src\GenAIDBExplorer\GenAIDBExplorer.Core\Repository\LocalDiskPersistenceStrategy.cs:line 110', because Should not show stack traces, but it did match.
[1] Expected regular expression 'Exception.*at.*' to not match '17:19:01 warn: GenAIDBExplorer.Core.SemanticModelProviders.SemanticModelProvider[0] Failed to load semantic model using repository from 'C:\Users\dascottr\AppData\Local\Temp\genaidb-integration-test-961065628\projects\ai-test\SemanticModel', falling back to direct loading System.IO.FileNotFoundException: The semantic model file was not found. File name: 'C:\Users\dascottr\AppData\Local\Temp\genaidb-integration-test-961065628\projects\ai-test\SemanticModel\semanticmodel.json'    at GenAIDBExplorer.Core.Models.SemanticModel.SemanticModel.LoadModelAsync(DirectoryInfo modelPath) in D:\source\GitHub\PlagueHO\genai-database-explorer\src\GenAIDBExplorer\GenAIDBExplorer.Core\Models\SemanticModel\SemanticModel.cs:line 148    at GenAIDBExplorer.Core.Repository.LocalDiskPersistenceStrategy.LoadModelAsync(DirectoryInfo modelPath) in D:\source\GitHub\PlagueHO\genai-database-explorer\src\GenAIDBExplorer\GenAIDBExplorer.Core\Repository\LocalDiskPersistenceStrategy.cs:line 110    at GenAIDBExplorer.Core.Repository.SemanticModelRepository.&lt;&gt;c__DisplayClass11_1.&lt;&lt;LoadModelAsync&gt;b__0&gt;d.MoveNext() in D:\source\GitHub\PlagueHO\genai-database-explorer\src\GenAIDBExplorer\GenAIDBExplorer.Core\Repository\SemanticModelRepository.cs:line 124 --- End of stack trace from previous location ---    at GenAIDBExplorer.Core.Repository.SemanticModelRepository.ExecuteWithConcurrencyProtectionAsync[T](String path, Func`1 operation) in D:\source\GitHub\PlagueHO\genai-database-explorer\src\GenAIDBExplorer\GenAIDBExplorer.Core\Repository\SemanticModelRepository.cs:line 333    at GenAIDBExplorer.Core.Repository.SemanticModelRepository.LoadModelAsync(DirectoryInfo modelPath, SemanticModelRepositoryOptions options) in D:\source\GitHub\PlagueHO\genai-database-explorer\src\GenAIDBExplorer\GenAIDBExplorer.Core\Repository\SemanticModelRepository.cs:line 77    at GenAIDBExplorer.Core.SemanticModelProviders.SemanticModelProvider.LoadSemanticModelFromLocalDiskAsync() in D:\source\GitHub\PlagueHO\genai-database-explorer\src\GenAIDBExplorer\GenAIDBExplorer.Core\SemanticModelProviders\SemanticModelProvider.cs:line 110', because Should not show stack traces, but it did match.</message>
                              <stack-trace>[0] at $commandResult.Output | Should -Not -Match 'Exception.*at.*' -Because 'Should not show stack traces', D:\source\GitHub\PlagueHO\genai-database-explorer\src\Tests\Integration\Console.Integration.Tests.ps1:436
at &lt;ScriptBlock&gt;, D:\source\GitHub\PlagueHO\genai-database-explorer\src\Tests\Integration\Console.Integration.Tests.ps1:436
[1] at $commandResult.Output | Should -Not -Match 'Exception.*at.*' -Because 'Should not show stack traces', D:\source\GitHub\PlagueHO\genai-database-explorer\src\Tests\Integration\Console.Integration.Tests.ps1:436
at &lt;ScriptBlock&gt;, D:\source\GitHub\PlagueHO\genai-database-explorer\src\Tests\Integration\Console.Integration.Tests.ps1:436</stack-trace>
                            </failure>
                          </test-case>
                        </results>
                      </test-suite>
                    </results>
                  </test-suite>
                  <test-suite type="TestFixture" name="GenAI Database Explorer Console Application.Model Display and Export Operations.export-model command" executed="True" result="Failure" success="False" time="1.8709" asserts="0" description="GenAI Database Explorer Console Application.Model Display and Export Operations.export-model command">
                    <results>
                      <test-suite type="TestFixture" name="GenAI Database Explorer Console Application.Model Display and Export Operations.export-model command.When exporting to markdown format" executed="True" result="Failure" success="False" time="0.3336" asserts="0" description="GenAI Database Explorer Console Application.Model Display and Export Operations.export-model command.When exporting to markdown format">
                        <results>
                          <test-case description="Should create markdown documentation file" name="GenAI Database Explorer Console Application.Model Display and Export Operations.export-model command.When exporting to markdown format.Should create markdown documentation file" time="0.3288" asserts="0" success="False" result="Failure" executed="True">
                            <failure>
                              <message>[0] Expected path 'C:\Users\dascottr\AppData\Local\Temp\genaidb-integration-test-961065628\projects\display-test\exported-model.md' to exist, because Exported file should exist, but it did not exist.
[1] Expected a value, because Exported content should not be empty, but got $null or empty.
[2] Expected regular expression 'Database|Model|Schema|#' to match $null, because Should contain expected database documentation content with markdown formatting, but it did not match.</message>
                              <stack-trace>[0] at $exportPath | Should -Exist -Because 'Exported file should exist', D:\source\GitHub\PlagueHO\genai-database-explorer\src\Tests\Integration\Console.Integration.Tests.ps1:452
at &lt;ScriptBlock&gt;, D:\source\GitHub\PlagueHO\genai-database-explorer\src\Tests\Integration\Console.Integration.Tests.ps1:452
[1] at $exportContent | Should -Not -BeNullOrEmpty -Because 'Exported content should not be empty', D:\source\GitHub\PlagueHO\genai-database-explorer\src\Tests\Integration\Console.Integration.Tests.ps1:455
at &lt;ScriptBlock&gt;, D:\source\GitHub\PlagueHO\genai-database-explorer\src\Tests\Integration\Console.Integration.Tests.ps1:455
[2] at $exportContent | Should -Match 'Database|Model|Schema|#' -Because 'Should contain expected database documentation content with markdown formatting', D:\source\GitHub\PlagueHO\genai-database-explorer\src\Tests\Integration\Console.Integration.Tests.ps1:456
at &lt;ScriptBlock&gt;, D:\source\GitHub\PlagueHO\genai-database-explorer\src\Tests\Integration\Console.Integration.Tests.ps1:456</stack-trace>
                            </failure>
                          </test-case>
                        </results>
                      </test-suite>
                      <test-suite type="TestFixture" name="GenAI Database Explorer Console Application.Model Display and Export Operations.export-model command.When exporting with split files option" executed="True" result="Failure" success="False" time="0.646" asserts="0" description="GenAI Database Explorer Console Application.Model Display and Export Operations.export-model command.When exporting with split files option">
                        <results>
                          <test-case description="Should handle splitFiles option correctly" name="GenAI Database Explorer Console Application.Model Display and Export Operations.export-model command.When exporting with split files option.Should handle splitFiles option correctly" time="0.3063" asserts="0" success="False" result="Failure" executed="True">
                            <failure>
                              <message>[0] Expected regular expression 'Exception.*at.*' to not match '17:19:01 fail: GenAIDBExplorer.Core.Repository.LocalDiskPersistenceStrategy[0] Semantic model not found at path 'C:\Users\dascottr\AppData\Local\Temp\genaidb-integration-test-961065628\projects\display-test\SemanticModel' System.IO.FileNotFoundException: The semantic model file was not found. File name: 'C:\Users\dascottr\AppData\Local\Temp\genaidb-integration-test-961065628\projects\display-test\SemanticModel\semanticmodel.json'    at GenAIDBExplorer.Core.Models.SemanticModel.SemanticModel.LoadModelAsync(DirectoryInfo modelPath) in D:\source\GitHub\PlagueHO\genai-database-explorer\src\GenAIDBExplorer\GenAIDBExplorer.Core\Models\SemanticModel\SemanticModel.cs:line 148    at GenAIDBExplorer.Core.Repository.LocalDiskPersistenceStrategy.LoadModelAsync(DirectoryInfo modelPath) in D:\source\GitHub\PlagueHO\genai-database-explorer\src\GenAIDBExplorer\GenAIDBExplorer.Core\Repository\LocalDiskPersistenceStrategy.cs:line 110', because Should not show stack traces for valid options, but it did match.
[1] Expected regular expression 'Exception.*at.*' to not match '17:19:01 warn: GenAIDBExplorer.Core.SemanticModelProviders.SemanticModelProvider[0] Failed to load semantic model using repository from 'C:\Users\dascottr\AppData\Local\Temp\genaidb-integration-test-961065628\projects\display-test\SemanticModel', falling back to direct loading System.IO.FileNotFoundException: The semantic model file was not found. File name: 'C:\Users\dascottr\AppData\Local\Temp\genaidb-integration-test-961065628\projects\display-test\SemanticModel\semanticmodel.json'    at GenAIDBExplorer.Core.Models.SemanticModel.SemanticModel.LoadModelAsync(DirectoryInfo modelPath) in D:\source\GitHub\PlagueHO\genai-database-explorer\src\GenAIDBExplorer\GenAIDBExplorer.Core\Models\SemanticModel\SemanticModel.cs:line 148    at GenAIDBExplorer.Core.Repository.LocalDiskPersistenceStrategy.LoadModelAsync(DirectoryInfo modelPath) in D:\source\GitHub\PlagueHO\genai-database-explorer\src\GenAIDBExplorer\GenAIDBExplorer.Core\Repository\LocalDiskPersistenceStrategy.cs:line 110    at GenAIDBExplorer.Core.Repository.SemanticModelRepository.&lt;&gt;c__DisplayClass11_1.&lt;&lt;LoadModelAsync&gt;b__0&gt;d.MoveNext() in D:\source\GitHub\PlagueHO\genai-database-explorer\src\GenAIDBExplorer\GenAIDBExplorer.Core\Repository\SemanticModelRepository.cs:line 124 --- End of stack trace from previous location ---    at GenAIDBExplorer.Core.Repository.SemanticModelRepository.ExecuteWithConcurrencyProtectionAsync[T](String path, Func`1 operation) in D:\source\GitHub\PlagueHO\genai-database-explorer\src\GenAIDBExplorer\GenAIDBExplorer.Core\Repository\SemanticModelRepository.cs:line 333    at GenAIDBExplorer.Core.Repository.SemanticModelRepository.LoadModelAsync(DirectoryInfo modelPath, SemanticModelRepositoryOptions options) in D:\source\GitHub\PlagueHO\genai-database-explorer\src\GenAIDBExplorer\GenAIDBExplorer.Core\Repository\SemanticModelRepository.cs:line 77    at GenAIDBExplorer.Core.SemanticModelProviders.SemanticModelProvider.LoadSemanticModelFromLocalDiskAsync() in D:\source\GitHub\PlagueHO\genai-database-explorer\src\GenAIDBExplorer\GenAIDBExplorer.Core\SemanticModelProviders\SemanticModelProvider.cs:line 110', because Should not show stack traces for valid options, but it did match.</message>
                              <stack-trace>[0] at $commandResult.Output | Should -Not -Match 'Exception.*at.*' -Because 'Should not show stack traces for valid options', D:\source\GitHub\PlagueHO\genai-database-explorer\src\Tests\Integration\Console.Integration.Tests.ps1:474
at &lt;ScriptBlock&gt;, D:\source\GitHub\PlagueHO\genai-database-explorer\src\Tests\Integration\Console.Integration.Tests.ps1:474
[1] at $commandResult.Output | Should -Not -Match 'Exception.*at.*' -Because 'Should not show stack traces for valid options', D:\source\GitHub\PlagueHO\genai-database-explorer\src\Tests\Integration\Console.Integration.Tests.ps1:474
at &lt;ScriptBlock&gt;, D:\source\GitHub\PlagueHO\genai-database-explorer\src\Tests\Integration\Console.Integration.Tests.ps1:474</stack-trace>
                            </failure>
                          </test-case>
                        </results>
                      </test-suite>
                    </results>
                  </test-suite>
                </results>
              </test-suite>
              <test-suite type="TestFixture" name="GenAI Database Explorer Console Application.CLI Interface and Error Handling" executed="True" result="Failure" success="False" time="67.815" asserts="0" description="GenAI Database Explorer Console Application.CLI Interface and Error Handling">
                <results>
                  <test-suite type="TestFixture" name="GenAI Database Explorer Console Application.CLI Interface and Error Handling.CLI help and error handling" executed="True" result="Failure" success="False" time="0.6782" asserts="0" description="GenAI Database Explorer Console Application.CLI Interface and Error Handling.CLI help and error handling">
                    <results>
                      <test-suite type="TestFixture" name="GenAI Database Explorer Console Application.CLI Interface and Error Handling.CLI help and error handling.When requesting help information" executed="True" result="Failure" success="False" time="0.3456" asserts="0" description="GenAI Database Explorer Console Application.CLI Interface and Error Handling.CLI help and error handling.When requesting help information">
                        <results>
                          <test-case description="Should display main help information correctly" name="GenAI Database Explorer Console Application.CLI Interface and Error Handling.CLI help and error handling.When requesting help information.Should display main help information correctly" time="0.3411" asserts="0" success="False" result="Failure" executed="True">
                            <failure>
                              <message>[0] Expected regular expression 'Description.*Usage.*Commands' to match 'Description:', because Should display standard CLI help format, but it did not match.
[1] Expected regular expression 'Description.*Usage.*Commands' to match '  GenAI Database Explorer console application', because Should display standard CLI help format, but it did not match.
[2] Expected regular expression 'Description.*Usage.*Commands' to match &lt;empty&gt;, because Should display standard CLI help format, but it did not match.
[3] Expected regular expression 'Description.*Usage.*Commands' to match 'Usage:', because Should display standard CLI help format, but it did not match.
[4] Expected regular expression 'Description.*Usage.*Commands' to match '  GenAIDBExplorer.Console [command] [options]', because Should display standard CLI help format, but it did not match.
[5] Expected regular expression 'Description.*Usage.*Commands' to match &lt;empty&gt;, because Should display standard CLI help format, but it did not match.
[6] Expected regular expression 'Description.*Usage.*Commands' to match 'Options:', because Should display standard CLI help format, but it did not match.
[7] Expected regular expression 'Description.*Usage.*Commands' to match '  -?, -h, --help  Show help and usage information', because Should display standard CLI help format, but it did not match.
[8] Expected regular expression 'Description.*Usage.*Commands' to match '  --version       Show version information', because Should display standard CLI help format, but it did not match.
[9] Expected regular expression 'Description.*Usage.*Commands' to match &lt;empty&gt;, because Should display standard CLI help format, but it did not match.
[10] Expected regular expression 'Description.*Usage.*Commands' to match 'Commands:', because Should display standard CLI help format, but it did not match.
[11] Expected regular expression 'Description.*Usage.*Commands' to match '  init-project     Initialize a GenAI Database Explorer project.', because Should display standard CLI help format, but it did not match.
[12] Expected regular expression 'Description.*Usage.*Commands' to match '  data-dictionary  Process data dictionary files and update the semantic model.', because Should display standard CLI help format, but it did not match.
[13] Expected regular expression 'Description.*Usage.*Commands' to match '  enrich-model     Enrich an existing semantic model with descriptions in a GenAI Database Explorer project.', because Should display standard CLI help format, but it did not match.
[14] Expected regular expression 'Description.*Usage.*Commands' to match '  export-model     Export the semantic model from a GenAI Database Explorer project.', because Should display standard CLI help format, but it did not match.
[15] Expected regular expression 'Description.*Usage.*Commands' to match '  extract-model    Extract a semantic model from a SQL database for a GenAI Database Explorer project.', because Should display standard CLI help format, but it did not match.
[16] Expected regular expression 'Description.*Usage.*Commands' to match '  query-model      Answer questions based on the semantic model by using Generative AI.', because Should display standard CLI help format, but it did not match.
[17] Expected regular expression 'Description.*Usage.*Commands' to match '  show-object      Show details of a semantic model object.', because Should display standard CLI help format, but it did not match.
[18] Expected regular expression 'Description.*Usage.*Commands' to match &lt;empty&gt;, because Should display standard CLI help format, but it did not match.
[19] Expected regular expression 'init-project.*extract-model.*query-model' to match 'Description:', because Should list main CLI commands, but it did not match.
[20] Expected regular expression 'init-project.*extract-model.*query-model' to match '  GenAI Database Explorer console application', because Should list main CLI commands, but it did not match.
[21] Expected regular expression 'init-project.*extract-model.*query-model' to match &lt;empty&gt;, because Should list main CLI commands, but it did not match.
[22] Expected regular expression 'init-project.*extract-model.*query-model' to match 'Usage:', because Should list main CLI commands, but it did not match.
[23] Expected regular expression 'init-project.*extract-model.*query-model' to match '  GenAIDBExplorer.Console [command] [options]', because Should list main CLI commands, but it did not match.
[24] Expected regular expression 'init-project.*extract-model.*query-model' to match &lt;empty&gt;, because Should list main CLI commands, but it did not match.
[25] Expected regular expression 'init-project.*extract-model.*query-model' to match 'Options:', because Should list main CLI commands, but it did not match.
[26] Expected regular expression 'init-project.*extract-model.*query-model' to match '  -?, -h, --help  Show help and usage information', because Should list main CLI commands, but it did not match.
[27] Expected regular expression 'init-project.*extract-model.*query-model' to match '  --version       Show version information', because Should list main CLI commands, but it did not match.
[28] Expected regular expression 'init-project.*extract-model.*query-model' to match &lt;empty&gt;, because Should list main CLI commands, but it did not match.
[29] Expected regular expression 'init-project.*extract-model.*query-model' to match 'Commands:', because Should list main CLI commands, but it did not match.
[30] Expected regular expression 'init-project.*extract-model.*query-model' to match '  init-project     Initialize a GenAI Database Explorer project.', because Should list main CLI commands, but it did not match.
[31] Expected regular expression 'init-project.*extract-model.*query-model' to match '  data-dictionary  Process data dictionary files and update the semantic model.', because Should list main CLI commands, but it did not match.
[32] Expected regular expression 'init-project.*extract-model.*query-model' to match '  enrich-model     Enrich an existing semantic model with descriptions in a GenAI Database Explorer project.', because Should list main CLI commands, but it did not match.
[33] Expected regular expression 'init-project.*extract-model.*query-model' to match '  export-model     Export the semantic model from a GenAI Database Explorer project.', because Should list main CLI commands, but it did not match.
[34] Expected regular expression 'init-project.*extract-model.*query-model' to match '  extract-model    Extract a semantic model from a SQL database for a GenAI Database Explorer project.', because Should list main CLI commands, but it did not match.
[35] Expected regular expression 'init-project.*extract-model.*query-model' to match '  query-model      Answer questions based on the semantic model by using Generative AI.', because Should list main CLI commands, but it did not match.
[36] Expected regular expression 'init-project.*extract-model.*query-model' to match '  show-object      Show details of a semantic model object.', because Should list main CLI commands, but it did not match.
[37] Expected regular expression 'init-project.*extract-model.*query-model' to match &lt;empty&gt;, because Should list main CLI commands, but it did not match.</message>
                              <stack-trace>[0] at $commandResult.Output | Should -Match 'Description.*Usage.*Commands' -Because 'Should display standard CLI help format', D:\source\GitHub\PlagueHO\genai-database-explorer\src\Tests\Integration\Console.Integration.Tests.ps1:490
at &lt;ScriptBlock&gt;, D:\source\GitHub\PlagueHO\genai-database-explorer\src\Tests\Integration\Console.Integration.Tests.ps1:490
[1] at $commandResult.Output | Should -Match 'Description.*Usage.*Commands' -Because 'Should display standard CLI help format', D:\source\GitHub\PlagueHO\genai-database-explorer\src\Tests\Integration\Console.Integration.Tests.ps1:490
at &lt;ScriptBlock&gt;, D:\source\GitHub\PlagueHO\genai-database-explorer\src\Tests\Integration\Console.Integration.Tests.ps1:490
[2] at $commandResult.Output | Should -Match 'Description.*Usage.*Commands' -Because 'Should display standard CLI help format', D:\source\GitHub\PlagueHO\genai-database-explorer\src\Tests\Integration\Console.Integration.Tests.ps1:490
[...]
[26] at $commandResult.Output | Should -Match 'init-project.*extract-model.*query-model' -Because 'Should list main CLI commands', D:\source\GitHub\PlagueHO\genai-database-explorer\src\Tests\Integration\Console.Integration.Tests.ps1:491
at &lt;ScriptBlock&gt;, D:\source\GitHub\PlagueHO\genai-database-explorer\src\Tests\Integration\Console.Integration.Tests.ps1:491
[27] at $commandResult.Output | Should -Match 'init-project.*extract-model.*query-model' -Because 'Should list main CLI commands', D:\source\GitHub\PlagueHO\genai-database-explorer\src\Tests\Integration\Console.Integration.Tests.ps1:491
at &lt;ScriptBlock&gt;, D:\source\GitHub\PlagueHO\genai-database-explorer\src\Tests\Integration\Console.Integration.Tests.ps1:491
[28] at $commandResult.Output | Should -Match 'init-project.*extract-model.*query-model' -Because 'Should list main CLI commands', D:\source\GitHub\PlagueHO\genai-database-explorer\src\Tests\Integration\Console.Integration.Tests.ps1:491
at &lt;ScriptBlock&gt;, D:\source\GitHub\PlagueHO\genai-database-explorer\src\Tests\Integration\Console.Integration.Tests.ps1:491
[29] at $commandResult.Output | Should -Match 'init-project.*extract-model.*query-model' -Because 'Should list main CLI commands', D:\source\GitHub\PlagueHO\genai-database-explorer\src\Tests\Integration\Console.Integration.Tests.ps1:491
at &lt;ScriptBlock&gt;, D:\source\GitHub\PlagueHO\genai-database-explorer\src\Tests\Integration\Console.Integration.Tests.ps1:491
[30] at $commandResult.Output | Should -Match 'init-project.*extract-model.*query-model' -Because 'Should list main CLI commands', D:\source\GitHub\PlagueHO\genai-database-explorer\src\Tests\Integration\Console.Integration.Tests.ps1:491
at &lt;ScriptBlock&gt;, D:\source\GitHub\PlagueHO\genai-database-explorer\src\Tests\Integration\Console.Integration.Tests.ps1:491
[31] at $commandResult.Output | Should -Match 'init-project.*extract-model.*query-model' -Because 'Should list main CLI commands', D:\source\GitHub\PlagueHO\genai-database-explorer\src\Tests\Integration\Console.Integration.Tests.ps1:491
at &lt;ScriptBlock&gt;, D:\source\GitHub\PlagueHO\genai-database-explorer\src\Tests\Integration\Console.Integration.Tests.ps1:491
[32] at $commandResult.Output | Should -Match 'init-project.*extract-model.*query-model' -Because 'Should list main CLI commands', D:\source\GitHub\PlagueHO\genai-database-explorer\src\Tests\Integration\Console.Integration.Tests.ps1:491
at &lt;ScriptBlock&gt;, D:\source\GitHub\PlagueHO\genai-database-explorer\src\Tests\Integration\Console.Integration.Tests.ps1:491
[33] at $commandResult.Output | Should -Match 'init-project.*extract-model.*query-model' -Because 'Should list main CLI commands', D:\source\GitHub\PlagueHO\genai-database-explorer\src\Tests\Integration\Console.Integration.Tests.ps1:491
at &lt;ScriptBlock&gt;, D:\source\GitHub\PlagueHO\genai-database-explorer\src\Tests\Integration\Console.Integration.Tests.ps1:491
[34] at $commandResult.Output | Should -Match 'init-project.*extract-model.*query-model' -Because 'Should list main CLI commands', D:\source\GitHub\PlagueHO\genai-database-explorer\src\Tests\Integration\Console.Integration.Tests.ps1:491
at &lt;ScriptBlock&gt;, D:\source\GitHub\PlagueHO\genai-database-explorer\src\Tests\Integration\Console.Integration.Tests.ps1:491
[35] at $commandResult.Output | Should -Match 'init-project.*extract-model.*query-model' -Because 'Should list main CLI commands', D:\source\GitHub\PlagueHO\genai-database-explorer\src\Tests\Integration\Console.Integration.Tests.ps1:491
at &lt;ScriptBlock&gt;, D:\source\GitHub\PlagueHO\genai-database-explorer\src\Tests\Integration\Console.Integration.Tests.ps1:491
[36] at $commandResult.Output | Should -Match 'init-project.*extract-model.*query-model' -Because 'Should list main CLI commands', D:\source\GitHub\PlagueHO\genai-database-explorer\src\Tests\Integration\Console.Integration.Tests.ps1:491
at &lt;ScriptBlock&gt;, D:\source\GitHub\PlagueHO\genai-database-explorer\src\Tests\Integration\Console.Integration.Tests.ps1:491
[37] at $commandResult.Output | Should -Match 'init-project.*extract-model.*query-model' -Because 'Should list main CLI commands', D:\source\GitHub\PlagueHO\genai-database-explorer\src\Tests\Integration\Console.Integration.Tests.ps1:491
at &lt;ScriptBlock&gt;, D:\source\GitHub\PlagueHO\genai-database-explorer\src\Tests\Integration\Console.Integration.Tests.ps1:491</stack-trace>
                            </failure>
                          </test-case>
                        </results>
                      </test-suite>
                      <test-suite type="TestFixture" name="GenAI Database Explorer Console Application.CLI Interface and Error Handling.CLI help and error handling.When using invalid commands" executed="True" result="Failure" success="False" time="0.6743" asserts="0" description="GenAI Database Explorer Console Application.CLI Interface and Error Handling.CLI help and error handling.When using invalid commands">
                        <results>
                          <test-case description="Should handle invalid commands gracefully" name="GenAI Database Explorer Console Application.CLI Interface and Error Handling.CLI help and error handling.When using invalid commands.Should handle invalid commands gracefully" time="0.3231" asserts="0" success="False" result="Failure" executed="True">
                            <failure>
                              <message>[0] Expected regular expression 'Unrecognized command.*invalid-command-test|Required command.*not.*provided' to match &lt;empty&gt;, because Should provide error message for invalid commands, but it did not match.
[1] Expected regular expression 'Unrecognized command.*invalid-command-test|Required command.*not.*provided' to match System.Management.Automation.RemoteException, because Should provide error message for invalid commands, but it did not match.
[2] Expected regular expression 'Unrecognized command.*invalid-command-test|Required command.*not.*provided' to match 'Description:', because Should provide error message for invalid commands, but it did not match.
[3] Expected regular expression 'Unrecognized command.*invalid-command-test|Required command.*not.*provided' to match '  GenAI Database Explorer console application', because Should provide error message for invalid commands, but it did not match.
[4] Expected regular expression 'Unrecognized command.*invalid-command-test|Required command.*not.*provided' to match &lt;empty&gt;, because Should provide error message for invalid commands, but it did not match.
[5] Expected regular expression 'Unrecognized command.*invalid-command-test|Required command.*not.*provided' to match 'Usage:', because Should provide error message for invalid commands, but it did not match.
[6] Expected regular expression 'Unrecognized command.*invalid-command-test|Required command.*not.*provided' to match '  GenAIDBExplorer.Console [command] [options]', because Should provide error message for invalid commands, but it did not match.
[7] Expected regular expression 'Unrecognized command.*invalid-command-test|Required command.*not.*provided' to match &lt;empty&gt;, because Should provide error message for invalid commands, but it did not match.
[8] Expected regular expression 'Unrecognized command.*invalid-command-test|Required command.*not.*provided' to match 'Options:', because Should provide error message for invalid commands, but it did not match.
[9] Expected regular expression 'Unrecognized command.*invalid-command-test|Required command.*not.*provided' to match '  -?, -h, --help  Show help and usage information', because Should provide error message for invalid commands, but it did not match.
[10] Expected regular expression 'Unrecognized command.*invalid-command-test|Required command.*not.*provided' to match '  --version       Show version information', because Should provide error message for invalid commands, but it did not match.
[11] Expected regular expression 'Unrecognized command.*invalid-command-test|Required command.*not.*provided' to match &lt;empty&gt;, because Should provide error message for invalid commands, but it did not match.
[12] Expected regular expression 'Unrecognized command.*invalid-command-test|Required command.*not.*provided' to match 'Commands:', because Should provide error message for invalid commands, but it did not match.
[13] Expected regular expression 'Unrecognized command.*invalid-command-test|Required command.*not.*provided' to match '  init-project     Initialize a GenAI Database Explorer project.', because Should provide error message for invalid commands, but it did not match.
[14] Expected regular expression 'Unrecognized command.*invalid-command-test|Required command.*not.*provided' to match '  data-dictionary  Process data dictionary files and update the semantic model.', because Should provide error message for invalid commands, but it did not match.
[15] Expected regular expression 'Unrecognized command.*invalid-command-test|Required command.*not.*provided' to match '  enrich-model     Enrich an existing semantic model with descriptions in a GenAI Database Explorer project.', because Should provide error message for invalid commands, but it did not match.
[16] Expected regular expression 'Unrecognized command.*invalid-command-test|Required command.*not.*provided' to match '  export-model     Export the semantic model from a GenAI Database Explorer project.', because Should provide error message for invalid commands, but it did not match.
[17] Expected regular expression 'Unrecognized command.*invalid-command-test|Required command.*not.*provided' to match '  extract-model    Extract a semantic model from a SQL database for a GenAI Database Explorer project.', because Should provide error message for invalid commands, but it did not match.
[18] Expected regular expression 'Unrecognized command.*invalid-command-test|Required command.*not.*provided' to match '  query-model      Answer questions based on the semantic model by using Generative AI.', because Should provide error message for invalid commands, but it did not match.
[19] Expected regular expression 'Unrecognized command.*invalid-command-test|Required command.*not.*provided' to match '  show-object      Show details of a semantic model object.', because Should provide error message for invalid commands, but it did not match.
[20] Expected regular expression 'Unrecognized command.*invalid-command-test|Required command.*not.*provided' to match &lt;empty&gt;, because Should provide error message for invalid commands, but it did not match.</message>
                              <stack-trace>[0] at $commandResult.Output | Should -Match 'Unrecognized command.*invalid-command-test|Required command.*not.*provided' -Because 'Should provide error message for invalid commands', D:\source\GitHub\PlagueHO\genai-database-explorer\src\Tests\Integration\Console.Integration.Tests.ps1:503
at &lt;ScriptBlock&gt;, D:\source\GitHub\PlagueHO\genai-database-explorer\src\Tests\Integration\Console.Integration.Tests.ps1:503
[1] at $commandResult.Output | Should -Match 'Unrecognized command.*invalid-command-test|Required command.*not.*provided' -Because 'Should provide error message for invalid commands', D:\source\GitHub\PlagueHO\genai-database-explorer\src\Tests\Integration\Console.Integration.Tests.ps1:503
at &lt;ScriptBlock&gt;, D:\source\GitHub\PlagueHO\genai-database-explorer\src\Tests\Integration\Console.Integration.Tests.ps1:503
[2] at $commandResult.Output | Should -Match 'Unrecognized command.*invalid-command-test|Required command.*not.*provided' -Because 'Should provide error message for invalid commands', D:\source\GitHub\PlagueHO\genai-database-explorer\src\Tests\Integration\Console.Integration.Tests.ps1:503
at &lt;ScriptBlock&gt;, D:\source\GitHub\PlagueHO\genai-database-explorer\src\Tests\Integration\Console.Integration.Tests.ps1:503
[3] at $commandResult.Output | Should -Match 'Unrecognized command.*invalid-command-test|Required command.*not.*provided' -Because 'Should provide error message for invalid commands', D:\source\GitHub\PlagueHO\genai-database-explorer\src\Tests\Integration\Console.Integration.Tests.ps1:503
at &lt;ScriptBlock&gt;, D:\source\GitHub\PlagueHO\genai-database-explorer\src\Tests\Integration\Console.Integration.Tests.ps1:503
[4] at $commandResult.Output | Should -Match 'Unrecognized command.*invalid-command-test|Required command.*not.*provided' -Because 'Should provide error message for invalid commands', D:\source\GitHub\PlagueHO\genai-database-explorer\src\Tests\Integration\Console.Integration.Tests.ps1:503
at &lt;ScriptBlock&gt;, D:\source\GitHub\PlagueHO\genai-database-explorer\src\Tests\Integration\Console.Integration.Tests.ps1:503
[5] at $commandResult.Output | Should -Match 'Unrecognized command.*invalid-command-test|Required command.*not.*provided' -Because 'Should provide error message for invalid commands', D:\source\GitHub\PlagueHO\genai-database-explorer\src\Tests\Integration\Console.Integration.Tests.ps1:503
at &lt;ScriptBlock&gt;, D:\source\GitHub\PlagueHO\genai-database-explorer\src\Tests\Integration\Console.Integration.Tests.ps1:503
[6] at $commandResult.Output | Should -Match 'Unrecognized command.*invalid-command-test|Required command.*not.*provided' -Because 'Should provide error message for invalid commands', D:\source\GitHub\PlagueHO\genai-database-explorer\src\Tests\Integration\Console.Integration.Tests.ps1:503
at &lt;ScriptBlock&gt;, D:\source\GitHub\PlagueHO\genai-database-explorer\src\Tests\Integration\Console.Integration.Tests.ps1:503
[7] at $commandResult.Output | Should -Match 'Unrecognized command.*invalid-command-test|Required command.*not.*provided' -Because 'Should provide error message for invalid commands', D:\source\GitHub\PlagueHO\genai-database-explorer\src\Tests\Integration\Console.Integration.Tests.ps1:503
at &lt;ScriptBlock&gt;, D:\source\GitHub\PlagueHO\genai-database-explorer\src\Tests\Integration\Console.Integration.Tests.ps1:503
[8] at $commandResult.Output | Should -Match 'Unrecognized command.*invalid-command-test|Required command.*not.*provided' -Because 'Should provide error message for invalid commands', D:\source\GitHub\PlagueHO\genai-database-explorer\src\Tests\Integration\Console.Integration.Tests.ps1:503
at &lt;ScriptBlock&gt;, D:\source\GitHub\PlagueHO\genai-database-explorer\src\Tests\Integration\Console.Integration.Tests.ps1:503
[9] at $commandResult.Output | Should -Match 'Unrecognized command.*invalid-command-test|Required command.*not.*provided' -Because 'Should provide error message for invalid commands', D:\source\GitHub\PlagueHO\genai-database-explorer\src\Tests\Integration\Console.Integration.Tests.ps1:503
at &lt;ScriptBlock&gt;, D:\source\GitHub\PlagueHO\genai-database-explorer\src\Tests\Integration\Console.Integration.Tests.ps1:503
[10] at $commandResult.Output | Should -Match 'Unrecognized command.*invalid-command-test|Required command.*not.*provided' -Because 'Should provide error message for invalid commands', D:\source\GitHub\PlagueHO\genai-database-explorer\src\Tests\Integration\Console.Integration.Tests.ps1:503
at &lt;ScriptBlock&gt;, D:\source\GitHub\PlagueHO\genai-database-explorer\src\Tests\Integration\Console.Integration.Tests.ps1:503
[11] at $commandResult.Output | Should -Match 'Unrecognized command.*invalid-command-test|Required command.*not.*provided' -Because 'Should provide error message for invalid commands', D:\source\GitHub\PlagueHO\genai-database-explorer\src\Tests\Integration\Console.Integration.Tests.ps1:503
at &lt;ScriptBlock&gt;, D:\source\GitHub\PlagueHO\genai-database-explorer\src\Tests\Integration\Console.Integration.Tests.ps1:503
[12] at $commandResult.Output | Should -Match 'Unrecognized command.*invalid-command-test|Required command.*not.*provided' -Because 'Should provide error message for invalid commands', D:\source\GitHub\PlagueHO\genai-database-explorer\src\Tests\Integration\Console.Integration.Tests.ps1:503
at &lt;ScriptBlock&gt;, D:\source\GitHub\PlagueHO\genai-database-explorer\src\Tests\Integration\Console.Integration.Tests.ps1:503
[13] at $commandResult.Output | Should -Match 'Unrecognized command.*invalid-command-test|Required command.*not.*provided' -Because 'Should provide error message for invalid commands', D:\source\GitHub\PlagueHO\genai-database-explorer\src\Tests\Integration\Console.Integration.Tests.ps1:503
at &lt;ScriptBlock&gt;, D:\source\GitHub\PlagueHO\genai-database-explorer\src\Tests\Integration\Console.Integration.Tests.ps1:503
[14] at $commandResult.Output | Should -Match 'Unrecognized command.*invalid-command-test|Required command.*not.*provided' -Because 'Should provide error message for invalid commands', D:\source\GitHub\PlagueHO\genai-database-explorer\src\Tests\Integration\Console.Integration.Tests.ps1:503
at &lt;ScriptBlock&gt;, D:\source\GitHub\PlagueHO\genai-database-explorer\src\Tests\Integration\Console.Integration.Tests.ps1:503
[15] at $commandResult.Output | Should -Match 'Unrecognized command.*invalid-command-test|Required command.*not.*provided' -Because 'Should provide error message for invalid commands', D:\source\GitHub\PlagueHO\genai-database-explorer\src\Tests\Integration\Console.Integration.Tests.ps1:503
at &lt;ScriptBlock&gt;, D:\source\GitHub\PlagueHO\genai-database-explorer\src\Tests\Integration\Console.Integration.Tests.ps1:503
[16] at $commandResult.Output | Should -Match 'Unrecognized command.*invalid-command-test|Required command.*not.*provided' -Because 'Should provide error message for invalid commands', D:\source\GitHub\PlagueHO\genai-database-explorer\src\Tests\Integration\Console.Integration.Tests.ps1:503
at &lt;ScriptBlock&gt;, D:\source\GitHub\PlagueHO\genai-database-explorer\src\Tests\Integration\Console.Integration.Tests.ps1:503
[17] at $commandResult.Output | Should -Match 'Unrecognized command.*invalid-command-test|Required command.*not.*provided' -Because 'Should provide error message for invalid commands', D:\source\GitHub\PlagueHO\genai-database-explorer\src\Tests\Integration\Console.Integration.Tests.ps1:503
at &lt;ScriptBlock&gt;, D:\source\GitHub\PlagueHO\genai-database-explorer\src\Tests\Integration\Console.Integration.Tests.ps1:503
[18] at $commandResult.Output | Should -Match 'Unrecognized command.*invalid-command-test|Required command.*not.*provided' -Because 'Should provide error message for invalid commands', D:\source\GitHub\PlagueHO\genai-database-explorer\src\Tests\Integration\Console.Integration.Tests.ps1:503
at &lt;ScriptBlock&gt;, D:\source\GitHub\PlagueHO\genai-database-explorer\src\Tests\Integration\Console.Integration.Tests.ps1:503
[19] at $commandResult.Output | Should -Match 'Unrecognized command.*invalid-command-test|Required command.*not.*provided' -Because 'Should provide error message for invalid commands', D:\source\GitHub\PlagueHO\genai-database-explorer\src\Tests\Integration\Console.Integration.Tests.ps1:503
at &lt;ScriptBlock&gt;, D:\source\GitHub\PlagueHO\genai-database-explorer\src\Tests\Integration\Console.Integration.Tests.ps1:503
[20] at $commandResult.Output | Should -Match 'Unrecognized command.*invalid-command-test|Required command.*not.*provided' -Because 'Should provide error message for invalid commands', D:\source\GitHub\PlagueHO\genai-database-explorer\src\Tests\Integration\Console.Integration.Tests.ps1:503
at &lt;ScriptBlock&gt;, D:\source\GitHub\PlagueHO\genai-database-explorer\src\Tests\Integration\Console.Integration.Tests.ps1:503</stack-trace>
                            </failure>
                          </test-case>
                        </results>
                      </test-suite>
                    </results>
                  </test-suite>
                </results>
              </test-suite>
            </results>
          </test-suite>
        </results>
      </test-suite>
    </results>
  </test-suite>
</test-results>